#! /usr/bin/vvp
:ivl_version "10.1 (stable)";
:ivl_delay_selection "TYPICAL";
:vpi_time_precision - 11;
:vpi_module "system";
:vpi_module "vhdl_sys";
:vpi_module "v2005_math";
:vpi_module "va_math";
S_0x564a77fbf210 .scope module, "top" "top" 2 2;
 .timescale 0 0;
    .port_info 0 /OUTPUT 1 "led0"
    .port_info 1 /OUTPUT 1 "led1"
    .port_info 2 /OUTPUT 1 "led2"
    .port_info 3 /OUTPUT 1 "mosi"
    .port_info 4 /OUTPUT 1 "sck"
    .port_info 5 /INPUT 1 "CLK"
P_0x564a77fead10 .param/l "CREATE_COLOR_BOTTOM" 1 2 48, +C4<00000000000000000000000000000010>;
P_0x564a77fead50 .param/l "CREATE_COLOR_MIDDLE" 1 2 47, +C4<00000000000000000000000000000001>;
P_0x564a77fead90 .param/l "CREATE_COLOR_TOP" 1 2 46, +C4<00000000000000000000000000000000>;
P_0x564a77feadd0 .param/l "CREATE_STRING_ADVANCE_COLOR" 1 2 44, +C4<00000000000000000000000000001000>;
P_0x564a77feae10 .param/l "CREATE_STRING_DELAY_WAIT" 1 2 38, +C4<00000000000000000000000000000010>;
P_0x564a77feae50 .param/l "CREATE_STRING_LOAD" 1 2 40, +C4<00000000000000000000000000000100>;
P_0x564a77feae90 .param/l "CREATE_STRING_LOAD_ITERATION" 1 2 41, +C4<00000000000000000000000000000101>;
P_0x564a77feaed0 .param/l "CREATE_STRING_PRE_LOAD" 1 2 39, +C4<00000000000000000000000000000011>;
P_0x564a77feaf10 .param/l "CREATE_STRING_SEND" 1 2 42, +C4<00000000000000000000000000000110>;
P_0x564a77feaf50 .param/l "CREATE_STRING_START" 1 2 36, +C4<00000000000000000000000000000000>;
P_0x564a77feaf90 .param/l "CREATE_STRING_WAIT_BUSY" 1 2 43, +C4<00000000000000000000000000000111>;
P_0x564a77feafd0 .param/l "CREATE_STRING_WAIT_FOR_STRING_READY_FOR_WRITE" 1 2 37, +C4<00000000000000000000000000000001>;
P_0x564a77feb010 .param/l "INCREMENT_BOTTOM_BLUE" 1 2 57, +C4<00000000000000000000000000000001>;
P_0x564a77feb050 .param/l "INCREMENT_BOTTOM_GREEN" 1 2 56, +C4<00000000000000000000000000000010>;
P_0x564a77feb090 .param/l "INCREMENT_BOTTOM_RED" 1 2 58, +C4<00000000000000000000000000000010>;
P_0x564a77feb0d0 .param/l "INCREMENT_MIDDLE_BLUE" 1 2 54, +C4<00000000000000000000000000000010>;
P_0x564a77feb110 .param/l "INCREMENT_MIDDLE_GREEN" 1 2 53, +C4<00000000000000000000000000000001>;
P_0x564a77feb150 .param/l "INCREMENT_MIDDLE_RED" 1 2 55, +C4<00000000000000000000000000000011>;
P_0x564a77feb190 .param/l "INCREMENT_TOP_BLUE" 1 2 50, +C4<00000000000000000000000000000011>;
P_0x564a77feb1d0 .param/l "INCREMENT_TOP_GREEN" 1 2 51, +C4<00000000000000000000000000000010>;
P_0x564a77feb210 .param/l "INCREMENT_TOP_RED" 1 2 52, +C4<00000000000000000000000000000001>;
P_0x564a77feb250 .param/l "INPUT_TYPE_END" 1 2 14, +C4<00000000000000000000000000000010>;
P_0x564a77feb290 .param/l "INPUT_TYPE_LED" 1 2 13, +C4<00000000000000000000000000000001>;
P_0x564a77feb2d0 .param/l "INPUT_TYPE_START" 1 2 12, +C4<00000000000000000000000000000000>;
P_0x564a77feb310 .param/l "MAX_COLOR_VALUE" 1 2 18, +C4<00000000000000000000000001100100>;
P_0x564a77feb350 .param/l "MOVE_CURRENT_STRING_SEND" 1 2 73, +C4<00000000000000000000000000000100>;
P_0x564a77feb390 .param/l "MOVE_STRING_LOAD" 1 2 71, +C4<00000000000000000000000000000010>;
P_0x564a77feb3d0 .param/l "MOVE_STRING_LOAD_ITERATION" 1 2 72, +C4<00000000000000000000000000000011>;
P_0x564a77feb410 .param/l "MOVE_STRING_SET_RESPONSE_TO_READIES" 1 2 70, +C4<00000000000000000000000000000001>;
P_0x564a77feb450 .param/l "MOVE_STRING_START" 1 2 69, +C4<00000000000000000000000000000000>;
P_0x564a77feb490 .param/l "MOVE_STRING_WAIT_CURRENT_STRING_BUSY" 1 2 74, +C4<00000000000000000000000000000101>;
P_0x564a77feb4d0 .param/l "MOVE_STRING_WAIT_WORKING_STRING_BUSY" 1 2 75, +C4<00000000000000000000000000000110>;
P_0x564a77feb510 .param/l "NUMBER_STRINGS" 1 2 17, +C4<00000000000000000000000000101111>;
P_0x564a77feb550 .param/l "START_BOTTOM_BLUE" 1 2 66, +C4<00000000000000000000000000011110>;
P_0x564a77feb590 .param/l "START_BOTTOM_GREEN" 1 2 65, +C4<00000000000000000000000000101000>;
P_0x564a77feb5d0 .param/l "START_BOTTOM_RED" 1 2 67, +C4<00000000000000000000000000000000>;
P_0x564a77feb610 .param/l "START_MIDDLE_BLUE" 1 2 63, +C4<00000000000000000000000000110010>;
P_0x564a77feb650 .param/l "START_MIDDLE_GREEN" 1 2 62, +C4<00000000000000000000000000011110>;
P_0x564a77feb690 .param/l "START_MIDDLE_RED" 1 2 64, +C4<00000000000000000000000001000110>;
P_0x564a77feb6d0 .param/l "START_TOP_BLUE" 1 2 60, +C4<00000000000000000000000000001010>;
P_0x564a77feb710 .param/l "START_TOP_GREEN" 1 2 59, +C4<00000000000000000000000000000000>;
P_0x564a77feb750 .param/l "START_TOP_RED" 1 2 61, +C4<00000000000000000000000000010100>;
P_0x564a77feb790 .param/l "STRING_COLOR_DELAY" 1 2 77, +C4<00000000000000000000000001100100>;
P_0x564a77feb7d0 .param/l "STRING_INCREMENT_PIXEL_COUNT_AND_CHECK" 1 2 29, +C4<00000000000000000000000000001001>;
P_0x564a77feb810 .param/l "STRING_LOAD_FINISH" 1 2 31, +C4<00000000000000000000000000001011>;
P_0x564a77feb850 .param/l "STRING_LOAD_LED_PIXEL" 1 2 26, +C4<00000000000000000000000000000110>;
P_0x564a77feb890 .param/l "STRING_LOAD_START" 1 2 22, +C4<00000000000000000000000000000010>;
P_0x564a77feb8d0 .param/l "STRING_SEND_FINISH" 1 2 32, +C4<00000000000000000000000000001100>;
P_0x564a77feb910 .param/l "STRING_SEND_LED_PIXEL" 1 2 27, +C4<00000000000000000000000000000111>;
P_0x564a77feb950 .param/l "STRING_SEND_START" 1 2 23, +C4<00000000000000000000000000000011>;
P_0x564a77feb990 .param/l "STRING_SIZE" 1 2 16, +C4<00000000000000000000000000101111>;
P_0x564a77feb9d0 .param/l "STRING_WAIT_FINISH" 1 2 30, +C4<00000000000000000000000000001010>;
P_0x564a77feba10 .param/l "STRING_WAIT_FINISH_BUSY" 1 2 33, +C4<00000000000000000000000000001101>;
P_0x564a77feba50 .param/l "STRING_WAIT_FOR_CURRENT_STRING" 1 2 20, +C4<00000000000000000000000000000000>;
P_0x564a77feba90 .param/l "STRING_WAIT_FOR_DONE" 1 2 34, +C4<00000000000000000000000000001110>;
P_0x564a77febad0 .param/l "STRING_WAIT_LED_PIXEL" 1 2 25, +C4<00000000000000000000000000000101>;
P_0x564a77febb10 .param/l "STRING_WAIT_LED_PIXEL_BUSY" 1 2 28, +C4<00000000000000000000000000001000>;
P_0x564a77febb50 .param/l "STRING_WAIT_START" 1 2 21, +C4<00000000000000000000000000000001>;
P_0x564a77febb90 .param/l "STRING_WAIT_START_BUSY" 1 2 24, +C4<00000000000000000000000000000100>;
L_0x564a77f86870 .functor BUFZ 1, v0x564a7800a760_0, C4<0>, C4<0>, C4<0>;
L_0x564a77f860e0 .functor BUFZ 1, v0x564a78006d80_0, C4<0>, C4<0>, C4<0>;
L_0x564a77f86c60 .functor BUFZ 1, v0x564a78008b00_0, C4<0>, C4<0>, C4<0>;
L_0x564a77f86780 .functor AND 1, v0x564a78008ba0_0, v0x564a78008c40_0, C4<1>, C4<1>;
o0x7f61bf4da6d8 .functor BUFZ 1, C4<z>; HiZ drive
v0x564a78008040_0 .net "CLK", 0 0, o0x7f61bf4da6d8;  0 drivers
v0x564a78008120_0 .var "blue_out", 7 0;
v0x564a78008210_0 .var "blue_working", 7 0;
v0x564a780082e0_0 .var "bottom_blue", 7 0;
v0x564a780083c0_0 .var "bottom_green", 7 0;
v0x564a780084a0_0 .var "bottom_red", 7 0;
v0x564a78008580_0 .var "clk_count", 16 0;
v0x564a78008660_0 .var "count_devide_three", 7 0;
v0x564a78008740_0 .var "create_string_count", 7 0;
v0x564a78008820 .array "current_string", 0 141, 7 0;
v0x564a780088e0_0 .var "current_string_available_for_write", 0 0;
v0x564a780089a0_0 .var "current_string_ready", 0 0;
v0x564a78008a60_0 .net "doled_busy", 0 0, v0x564a78007280_0;  1 drivers
v0x564a78008b00_0 .var "dostring_clk", 0 0;
v0x564a78008ba0_0 .var "go_ahead_move_from_working", 0 0;
v0x564a78008c40_0 .var "go_ahead_move_to_current", 0 0;
v0x564a78008d00_0 .net "go_ahead_with_move", 0 0, L_0x564a77f86780;  1 drivers
v0x564a78008ed0_0 .var "green_out", 7 0;
v0x564a78008f90_0 .var "green_working", 7 0;
v0x564a78009050_0 .var "input_type", 1 0;
v0x564a78009140_0 .net "led0", 0 0, L_0x564a77f86870;  1 drivers
v0x564a780091e0_0 .net "led1", 0 0, L_0x564a77f860e0;  1 drivers
v0x564a780092a0_0 .net "led2", 0 0, L_0x564a77f86c60;  1 drivers
v0x564a78009360_0 .var "led_start", 0 0;
v0x564a78009430_0 .var "middle_blue", 7 0;
v0x564a780094f0_0 .var "middle_green", 7 0;
v0x564a780095d0_0 .var "middle_point", 7 0;
v0x564a780096b0_0 .var "middle_red", 7 0;
v0x564a78009790_0 .net "mosi", 0 0, v0x564a78006d80_0;  1 drivers
L_0x7f61bf491018 .functor BUFT 1, C4<00110010>, C4<0>, C4<0>, C4<0>;
v0x564a78009880 .array "mysine", 0 89;
v0x564a78009880_0 .net v0x564a78009880 0, 7 0, L_0x7f61bf491018; 1 drivers
L_0x7f61bf491060 .functor BUFT 1, C4<00111000>, C4<0>, C4<0>, C4<0>;
v0x564a78009880_1 .net v0x564a78009880 1, 7 0, L_0x7f61bf491060; 1 drivers
L_0x7f61bf4910a8 .functor BUFT 1, C4<00111110>, C4<0>, C4<0>, C4<0>;
v0x564a78009880_2 .net v0x564a78009880 2, 7 0, L_0x7f61bf4910a8; 1 drivers
L_0x7f61bf4910f0 .functor BUFT 1, C4<01000100>, C4<0>, C4<0>, C4<0>;
v0x564a78009880_3 .net v0x564a78009880 3, 7 0, L_0x7f61bf4910f0; 1 drivers
L_0x7f61bf491138 .functor BUFT 1, C4<01001011>, C4<0>, C4<0>, C4<0>;
v0x564a78009880_4 .net v0x564a78009880 4, 7 0, L_0x7f61bf491138; 1 drivers
L_0x7f61bf491180 .functor BUFT 1, C4<01010000>, C4<0>, C4<0>, C4<0>;
v0x564a78009880_5 .net v0x564a78009880 5, 7 0, L_0x7f61bf491180; 1 drivers
L_0x7f61bf4911c8 .functor BUFT 1, C4<01010101>, C4<0>, C4<0>, C4<0>;
v0x564a78009880_6 .net v0x564a78009880 6, 7 0, L_0x7f61bf4911c8; 1 drivers
L_0x7f61bf491210 .functor BUFT 1, C4<01011001>, C4<0>, C4<0>, C4<0>;
v0x564a78009880_7 .net v0x564a78009880 7, 7 0, L_0x7f61bf491210; 1 drivers
L_0x7f61bf491258 .functor BUFT 1, C4<01011101>, C4<0>, C4<0>, C4<0>;
v0x564a78009880_8 .net v0x564a78009880 8, 7 0, L_0x7f61bf491258; 1 drivers
L_0x7f61bf4912a0 .functor BUFT 1, C4<01100000>, C4<0>, C4<0>, C4<0>;
v0x564a78009880_9 .net v0x564a78009880 9, 7 0, L_0x7f61bf4912a0; 1 drivers
L_0x7f61bf4912e8 .functor BUFT 1, C4<01100010>, C4<0>, C4<0>, C4<0>;
v0x564a78009880_10 .net v0x564a78009880 10, 7 0, L_0x7f61bf4912e8; 1 drivers
L_0x7f61bf491330 .functor BUFT 1, C4<01100011>, C4<0>, C4<0>, C4<0>;
v0x564a78009880_11 .net v0x564a78009880 11, 7 0, L_0x7f61bf491330; 1 drivers
L_0x7f61bf491378 .functor BUFT 1, C4<01100011>, C4<0>, C4<0>, C4<0>;
v0x564a78009880_12 .net v0x564a78009880 12, 7 0, L_0x7f61bf491378; 1 drivers
L_0x7f61bf4913c0 .functor BUFT 1, C4<01100011>, C4<0>, C4<0>, C4<0>;
v0x564a78009880_13 .net v0x564a78009880 13, 7 0, L_0x7f61bf4913c0; 1 drivers
L_0x7f61bf491408 .functor BUFT 1, C4<01100001>, C4<0>, C4<0>, C4<0>;
v0x564a78009880_14 .net v0x564a78009880 14, 7 0, L_0x7f61bf491408; 1 drivers
L_0x7f61bf491450 .functor BUFT 1, C4<01011111>, C4<0>, C4<0>, C4<0>;
v0x564a78009880_15 .net v0x564a78009880 15, 7 0, L_0x7f61bf491450; 1 drivers
L_0x7f61bf491498 .functor BUFT 1, C4<01011100>, C4<0>, C4<0>, C4<0>;
v0x564a78009880_16 .net v0x564a78009880 16, 7 0, L_0x7f61bf491498; 1 drivers
L_0x7f61bf4914e0 .functor BUFT 1, C4<01011000>, C4<0>, C4<0>, C4<0>;
v0x564a78009880_17 .net v0x564a78009880 17, 7 0, L_0x7f61bf4914e0; 1 drivers
L_0x7f61bf491528 .functor BUFT 1, C4<01010100>, C4<0>, C4<0>, C4<0>;
v0x564a78009880_18 .net v0x564a78009880 18, 7 0, L_0x7f61bf491528; 1 drivers
L_0x7f61bf491570 .functor BUFT 1, C4<01001110>, C4<0>, C4<0>, C4<0>;
v0x564a78009880_19 .net v0x564a78009880 19, 7 0, L_0x7f61bf491570; 1 drivers
L_0x7f61bf4915b8 .functor BUFT 1, C4<01001000>, C4<0>, C4<0>, C4<0>;
v0x564a78009880_20 .net v0x564a78009880 20, 7 0, L_0x7f61bf4915b8; 1 drivers
L_0x7f61bf491600 .functor BUFT 1, C4<01000011>, C4<0>, C4<0>, C4<0>;
v0x564a78009880_21 .net v0x564a78009880 21, 7 0, L_0x7f61bf491600; 1 drivers
L_0x7f61bf491648 .functor BUFT 1, C4<00111100>, C4<0>, C4<0>, C4<0>;
v0x564a78009880_22 .net v0x564a78009880 22, 7 0, L_0x7f61bf491648; 1 drivers
L_0x7f61bf491690 .functor BUFT 1, C4<00110101>, C4<0>, C4<0>, C4<0>;
v0x564a78009880_23 .net v0x564a78009880 23, 7 0, L_0x7f61bf491690; 1 drivers
L_0x7f61bf4916d8 .functor BUFT 1, C4<00101111>, C4<0>, C4<0>, C4<0>;
v0x564a78009880_24 .net v0x564a78009880 24, 7 0, L_0x7f61bf4916d8; 1 drivers
L_0x7f61bf491720 .functor BUFT 1, C4<00101000>, C4<0>, C4<0>, C4<0>;
v0x564a78009880_25 .net v0x564a78009880 25, 7 0, L_0x7f61bf491720; 1 drivers
L_0x7f61bf491768 .functor BUFT 1, C4<00100001>, C4<0>, C4<0>, C4<0>;
v0x564a78009880_26 .net v0x564a78009880 26, 7 0, L_0x7f61bf491768; 1 drivers
L_0x7f61bf4917b0 .functor BUFT 1, C4<00011100>, C4<0>, C4<0>, C4<0>;
v0x564a78009880_27 .net v0x564a78009880 27, 7 0, L_0x7f61bf4917b0; 1 drivers
L_0x7f61bf4917f8 .functor BUFT 1, C4<00010110>, C4<0>, C4<0>, C4<0>;
v0x564a78009880_28 .net v0x564a78009880 28, 7 0, L_0x7f61bf4917f8; 1 drivers
L_0x7f61bf491840 .functor BUFT 1, C4<00010000>, C4<0>, C4<0>, C4<0>;
v0x564a78009880_29 .net v0x564a78009880 29, 7 0, L_0x7f61bf491840; 1 drivers
L_0x7f61bf491888 .functor BUFT 1, C4<00001100>, C4<0>, C4<0>, C4<0>;
v0x564a78009880_30 .net v0x564a78009880 30, 7 0, L_0x7f61bf491888; 1 drivers
L_0x7f61bf4918d0 .functor BUFT 1, C4<00001000>, C4<0>, C4<0>, C4<0>;
v0x564a78009880_31 .net v0x564a78009880 31, 7 0, L_0x7f61bf4918d0; 1 drivers
L_0x7f61bf491918 .functor BUFT 1, C4<00000100>, C4<0>, C4<0>, C4<0>;
v0x564a78009880_32 .net v0x564a78009880 32, 7 0, L_0x7f61bf491918; 1 drivers
L_0x7f61bf491960 .functor BUFT 1, C4<00000010>, C4<0>, C4<0>, C4<0>;
v0x564a78009880_33 .net v0x564a78009880 33, 7 0, L_0x7f61bf491960; 1 drivers
L_0x7f61bf4919a8 .functor BUFT 1, C4<00000000>, C4<0>, C4<0>, C4<0>;
v0x564a78009880_34 .net v0x564a78009880 34, 7 0, L_0x7f61bf4919a8; 1 drivers
L_0x7f61bf4919f0 .functor BUFT 1, C4<00000000>, C4<0>, C4<0>, C4<0>;
v0x564a78009880_35 .net v0x564a78009880 35, 7 0, L_0x7f61bf4919f0; 1 drivers
L_0x7f61bf491a38 .functor BUFT 1, C4<00000000>, C4<0>, C4<0>, C4<0>;
v0x564a78009880_36 .net v0x564a78009880 36, 7 0, L_0x7f61bf491a38; 1 drivers
L_0x7f61bf491a80 .functor BUFT 1, C4<00000001>, C4<0>, C4<0>, C4<0>;
v0x564a78009880_37 .net v0x564a78009880 37, 7 0, L_0x7f61bf491a80; 1 drivers
L_0x7f61bf491ac8 .functor BUFT 1, C4<00000011>, C4<0>, C4<0>, C4<0>;
v0x564a78009880_38 .net v0x564a78009880 38, 7 0, L_0x7f61bf491ac8; 1 drivers
L_0x7f61bf491b10 .functor BUFT 1, C4<00000101>, C4<0>, C4<0>, C4<0>;
v0x564a78009880_39 .net v0x564a78009880 39, 7 0, L_0x7f61bf491b10; 1 drivers
L_0x7f61bf491b58 .functor BUFT 1, C4<00001001>, C4<0>, C4<0>, C4<0>;
v0x564a78009880_40 .net v0x564a78009880 40, 7 0, L_0x7f61bf491b58; 1 drivers
L_0x7f61bf491ba0 .functor BUFT 1, C4<00001110>, C4<0>, C4<0>, C4<0>;
v0x564a78009880_41 .net v0x564a78009880 41, 7 0, L_0x7f61bf491ba0; 1 drivers
L_0x7f61bf491be8 .functor BUFT 1, C4<00010010>, C4<0>, C4<0>, C4<0>;
v0x564a78009880_42 .net v0x564a78009880 42, 7 0, L_0x7f61bf491be8; 1 drivers
L_0x7f61bf491c30 .functor BUFT 1, C4<00011000>, C4<0>, C4<0>, C4<0>;
v0x564a78009880_43 .net v0x564a78009880 43, 7 0, L_0x7f61bf491c30; 1 drivers
L_0x7f61bf491c78 .functor BUFT 1, C4<00011110>, C4<0>, C4<0>, C4<0>;
v0x564a78009880_44 .net v0x564a78009880 44, 7 0, L_0x7f61bf491c78; 1 drivers
L_0x7f61bf491cc0 .functor BUFT 1, C4<00100100>, C4<0>, C4<0>, C4<0>;
v0x564a78009880_45 .net v0x564a78009880 45, 7 0, L_0x7f61bf491cc0; 1 drivers
L_0x7f61bf491d08 .functor BUFT 1, C4<00101011>, C4<0>, C4<0>, C4<0>;
v0x564a78009880_46 .net v0x564a78009880 46, 7 0, L_0x7f61bf491d08; 1 drivers
o0x7f61bf4db398 .functor BUFZ 8, C4<zzzzzzzz>; HiZ drive
v0x564a78009880_47 .net v0x564a78009880 47, 7 0, o0x7f61bf4db398; 0 drivers
o0x7f61bf4db3c8 .functor BUFZ 8, C4<zzzzzzzz>; HiZ drive
v0x564a78009880_48 .net v0x564a78009880 48, 7 0, o0x7f61bf4db3c8; 0 drivers
o0x7f61bf4db3f8 .functor BUFZ 8, C4<zzzzzzzz>; HiZ drive
v0x564a78009880_49 .net v0x564a78009880 49, 7 0, o0x7f61bf4db3f8; 0 drivers
o0x7f61bf4db428 .functor BUFZ 8, C4<zzzzzzzz>; HiZ drive
v0x564a78009880_50 .net v0x564a78009880 50, 7 0, o0x7f61bf4db428; 0 drivers
o0x7f61bf4db458 .functor BUFZ 8, C4<zzzzzzzz>; HiZ drive
v0x564a78009880_51 .net v0x564a78009880 51, 7 0, o0x7f61bf4db458; 0 drivers
o0x7f61bf4db488 .functor BUFZ 8, C4<zzzzzzzz>; HiZ drive
v0x564a78009880_52 .net v0x564a78009880 52, 7 0, o0x7f61bf4db488; 0 drivers
o0x7f61bf4db4b8 .functor BUFZ 8, C4<zzzzzzzz>; HiZ drive
v0x564a78009880_53 .net v0x564a78009880 53, 7 0, o0x7f61bf4db4b8; 0 drivers
o0x7f61bf4db4e8 .functor BUFZ 8, C4<zzzzzzzz>; HiZ drive
v0x564a78009880_54 .net v0x564a78009880 54, 7 0, o0x7f61bf4db4e8; 0 drivers
o0x7f61bf4db518 .functor BUFZ 8, C4<zzzzzzzz>; HiZ drive
v0x564a78009880_55 .net v0x564a78009880 55, 7 0, o0x7f61bf4db518; 0 drivers
o0x7f61bf4db548 .functor BUFZ 8, C4<zzzzzzzz>; HiZ drive
v0x564a78009880_56 .net v0x564a78009880 56, 7 0, o0x7f61bf4db548; 0 drivers
o0x7f61bf4db578 .functor BUFZ 8, C4<zzzzzzzz>; HiZ drive
v0x564a78009880_57 .net v0x564a78009880 57, 7 0, o0x7f61bf4db578; 0 drivers
o0x7f61bf4db5a8 .functor BUFZ 8, C4<zzzzzzzz>; HiZ drive
v0x564a78009880_58 .net v0x564a78009880 58, 7 0, o0x7f61bf4db5a8; 0 drivers
o0x7f61bf4db5d8 .functor BUFZ 8, C4<zzzzzzzz>; HiZ drive
v0x564a78009880_59 .net v0x564a78009880 59, 7 0, o0x7f61bf4db5d8; 0 drivers
o0x7f61bf4db608 .functor BUFZ 8, C4<zzzzzzzz>; HiZ drive
v0x564a78009880_60 .net v0x564a78009880 60, 7 0, o0x7f61bf4db608; 0 drivers
o0x7f61bf4db638 .functor BUFZ 8, C4<zzzzzzzz>; HiZ drive
v0x564a78009880_61 .net v0x564a78009880 61, 7 0, o0x7f61bf4db638; 0 drivers
o0x7f61bf4db668 .functor BUFZ 8, C4<zzzzzzzz>; HiZ drive
v0x564a78009880_62 .net v0x564a78009880 62, 7 0, o0x7f61bf4db668; 0 drivers
o0x7f61bf4db698 .functor BUFZ 8, C4<zzzzzzzz>; HiZ drive
v0x564a78009880_63 .net v0x564a78009880 63, 7 0, o0x7f61bf4db698; 0 drivers
o0x7f61bf4db6c8 .functor BUFZ 8, C4<zzzzzzzz>; HiZ drive
v0x564a78009880_64 .net v0x564a78009880 64, 7 0, o0x7f61bf4db6c8; 0 drivers
o0x7f61bf4db6f8 .functor BUFZ 8, C4<zzzzzzzz>; HiZ drive
v0x564a78009880_65 .net v0x564a78009880 65, 7 0, o0x7f61bf4db6f8; 0 drivers
o0x7f61bf4db728 .functor BUFZ 8, C4<zzzzzzzz>; HiZ drive
v0x564a78009880_66 .net v0x564a78009880 66, 7 0, o0x7f61bf4db728; 0 drivers
o0x7f61bf4db758 .functor BUFZ 8, C4<zzzzzzzz>; HiZ drive
v0x564a78009880_67 .net v0x564a78009880 67, 7 0, o0x7f61bf4db758; 0 drivers
o0x7f61bf4db788 .functor BUFZ 8, C4<zzzzzzzz>; HiZ drive
v0x564a78009880_68 .net v0x564a78009880 68, 7 0, o0x7f61bf4db788; 0 drivers
o0x7f61bf4db7b8 .functor BUFZ 8, C4<zzzzzzzz>; HiZ drive
v0x564a78009880_69 .net v0x564a78009880 69, 7 0, o0x7f61bf4db7b8; 0 drivers
o0x7f61bf4db7e8 .functor BUFZ 8, C4<zzzzzzzz>; HiZ drive
v0x564a78009880_70 .net v0x564a78009880 70, 7 0, o0x7f61bf4db7e8; 0 drivers
o0x7f61bf4db818 .functor BUFZ 8, C4<zzzzzzzz>; HiZ drive
v0x564a78009880_71 .net v0x564a78009880 71, 7 0, o0x7f61bf4db818; 0 drivers
o0x7f61bf4db848 .functor BUFZ 8, C4<zzzzzzzz>; HiZ drive
v0x564a78009880_72 .net v0x564a78009880 72, 7 0, o0x7f61bf4db848; 0 drivers
o0x7f61bf4db878 .functor BUFZ 8, C4<zzzzzzzz>; HiZ drive
v0x564a78009880_73 .net v0x564a78009880 73, 7 0, o0x7f61bf4db878; 0 drivers
o0x7f61bf4db8a8 .functor BUFZ 8, C4<zzzzzzzz>; HiZ drive
v0x564a78009880_74 .net v0x564a78009880 74, 7 0, o0x7f61bf4db8a8; 0 drivers
o0x7f61bf4db8d8 .functor BUFZ 8, C4<zzzzzzzz>; HiZ drive
v0x564a78009880_75 .net v0x564a78009880 75, 7 0, o0x7f61bf4db8d8; 0 drivers
o0x7f61bf4db908 .functor BUFZ 8, C4<zzzzzzzz>; HiZ drive
v0x564a78009880_76 .net v0x564a78009880 76, 7 0, o0x7f61bf4db908; 0 drivers
o0x7f61bf4db938 .functor BUFZ 8, C4<zzzzzzzz>; HiZ drive
v0x564a78009880_77 .net v0x564a78009880 77, 7 0, o0x7f61bf4db938; 0 drivers
o0x7f61bf4db968 .functor BUFZ 8, C4<zzzzzzzz>; HiZ drive
v0x564a78009880_78 .net v0x564a78009880 78, 7 0, o0x7f61bf4db968; 0 drivers
o0x7f61bf4db998 .functor BUFZ 8, C4<zzzzzzzz>; HiZ drive
v0x564a78009880_79 .net v0x564a78009880 79, 7 0, o0x7f61bf4db998; 0 drivers
o0x7f61bf4db9c8 .functor BUFZ 8, C4<zzzzzzzz>; HiZ drive
v0x564a78009880_80 .net v0x564a78009880 80, 7 0, o0x7f61bf4db9c8; 0 drivers
o0x7f61bf4db9f8 .functor BUFZ 8, C4<zzzzzzzz>; HiZ drive
v0x564a78009880_81 .net v0x564a78009880 81, 7 0, o0x7f61bf4db9f8; 0 drivers
o0x7f61bf4dba28 .functor BUFZ 8, C4<zzzzzzzz>; HiZ drive
v0x564a78009880_82 .net v0x564a78009880 82, 7 0, o0x7f61bf4dba28; 0 drivers
o0x7f61bf4dba58 .functor BUFZ 8, C4<zzzzzzzz>; HiZ drive
v0x564a78009880_83 .net v0x564a78009880 83, 7 0, o0x7f61bf4dba58; 0 drivers
o0x7f61bf4dba88 .functor BUFZ 8, C4<zzzzzzzz>; HiZ drive
v0x564a78009880_84 .net v0x564a78009880 84, 7 0, o0x7f61bf4dba88; 0 drivers
o0x7f61bf4dbab8 .functor BUFZ 8, C4<zzzzzzzz>; HiZ drive
v0x564a78009880_85 .net v0x564a78009880 85, 7 0, o0x7f61bf4dbab8; 0 drivers
o0x7f61bf4dbae8 .functor BUFZ 8, C4<zzzzzzzz>; HiZ drive
v0x564a78009880_86 .net v0x564a78009880 86, 7 0, o0x7f61bf4dbae8; 0 drivers
o0x7f61bf4dbb18 .functor BUFZ 8, C4<zzzzzzzz>; HiZ drive
v0x564a78009880_87 .net v0x564a78009880 87, 7 0, o0x7f61bf4dbb18; 0 drivers
o0x7f61bf4dbb48 .functor BUFZ 8, C4<zzzzzzzz>; HiZ drive
v0x564a78009880_88 .net v0x564a78009880 88, 7 0, o0x7f61bf4dbb48; 0 drivers
o0x7f61bf4dbb78 .functor BUFZ 8, C4<zzzzzzzz>; HiZ drive
v0x564a78009880_89 .net v0x564a78009880 89, 7 0, o0x7f61bf4dbb78; 0 drivers
v0x564a7800a760_0 .var "one_cycle", 0 0;
v0x564a7800a820_0 .var "red_out", 7 0;
v0x564a7800a8e0_0 .var "red_working", 7 0;
v0x564a7800a9a0_0 .net "sck", 0 0, v0x564a78006cc0_0;  1 drivers
v0x564a7800aa90_0 .var "string_color_state", 3 0;
v0x564a7800ab70_0 .var "string_color_wait", 31 0;
v0x564a7800ac50_0 .var "string_create_state", 3 0;
v0x564a7800ad30_0 .var "string_iteration_count", 7 0;
v0x564a7800ae10_0 .var "string_move_count", 7 0;
v0x564a7800aef0_0 .var "string_move_state", 3 0;
v0x564a7800afd0_0 .var "string_out_count", 7 0;
v0x564a7800b0b0_0 .var "string_process_count", 7 0;
v0x564a7800b190_0 .var "string_send_state", 3 0;
v0x564a7800b270_0 .var "top_blue", 7 0;
v0x564a7800b350_0 .var "top_green", 7 0;
v0x564a7800b430_0 .var "top_red", 7 0;
v0x564a7800b510 .array "working_string", 0 141, 7 0;
v0x564a7800b5d0_0 .var "working_string_available_for_write", 0 0;
v0x564a7800b690_0 .var "working_string_ready", 0 0;
E_0x564a77f892c0 .event posedge, v0x564a78008040_0;
S_0x564a77fbd4a0 .scope module, "doled_1" "doled" 2 198, 3 3 0, S_0x564a77fbf210;
 .timescale -8 -11;
    .port_info 0 /INPUT 8 "blue_input"
    .port_info 1 /INPUT 8 "green_input"
    .port_info 2 /INPUT 8 "red_input"
    .port_info 3 /INPUT 2 "type_input"
    .port_info 4 /INPUT 1 "doled_start"
    .port_info 5 /OUTPUT 1 "doled_busy"
    .port_info 6 /OUTPUT 1 "mosi"
    .port_info 7 /OUTPUT 1 "sck"
    .port_info 8 /INPUT 1 "doled_clk"
P_0x564a77febbe0 .param/l "INPUT_TYPE_END" 1 3 19, +C4<00000000000000000000000000000010>;
P_0x564a77febc20 .param/l "INPUT_TYPE_LED" 1 3 18, +C4<00000000000000000000000000000001>;
P_0x564a77febc60 .param/l "INPUT_TYPE_START" 1 3 17, +C4<00000000000000000000000000000000>;
P_0x564a77febca0 .param/l "LED_IDLE" 1 3 22, +C4<00000000000000000000000000000000>;
P_0x564a77febce0 .param/l "LED_LOAD_BLUE" 1 3 29, +C4<00000000000000000000000000000111>;
P_0x564a77febd20 .param/l "LED_LOAD_GREEN" 1 3 33, +C4<00000000000000000000000000001011>;
P_0x564a77febd60 .param/l "LED_LOAD_INIT" 1 3 25, +C4<00000000000000000000000000000011>;
P_0x564a77febda0 .param/l "LED_LOAD_RED" 1 3 37, +C4<00000000000000000000000000001111>;
P_0x564a77febde0 .param/l "LED_SEND_BLUE" 1 3 30, +C4<00000000000000000000000000001000>;
P_0x564a77febe20 .param/l "LED_SEND_GREEN" 1 3 34, +C4<00000000000000000000000000001100>;
P_0x564a77febe60 .param/l "LED_SEND_INIT" 1 3 26, +C4<00000000000000000000000000000100>;
P_0x564a77febea0 .param/l "LED_SEND_RED" 1 3 38, +C4<00000000000000000000000000010000>;
P_0x564a77febee0 .param/l "LED_START" 1 3 23, +C4<00000000000000000000000000000001>;
P_0x564a77febf20 .param/l "LED_WAIT_BLUE" 1 3 28, +C4<00000000000000000000000000000110>;
P_0x564a77febf60 .param/l "LED_WAIT_END" 1 3 40, +C4<00000000000000000000000000010010>;
P_0x564a77febfa0 .param/l "LED_WAIT_GREEN" 1 3 32, +C4<00000000000000000000000000001010>;
P_0x564a77febfe0 .param/l "LED_WAIT_INIT" 1 3 24, +C4<00000000000000000000000000000010>;
P_0x564a77fec020 .param/l "LED_WAIT_RED" 1 3 36, +C4<00000000000000000000000000001110>;
P_0x564a77fec060 .param/l "LED_WAIT_SPI_BUSY_SEND_BLUE" 1 3 31, +C4<00000000000000000000000000001001>;
P_0x564a77fec0a0 .param/l "LED_WAIT_SPI_BUSY_SEND_GREEN" 1 3 35, +C4<00000000000000000000000000001101>;
P_0x564a77fec0e0 .param/l "LED_WAIT_SPI_BUSY_SEND_INIT" 1 3 27, +C4<00000000000000000000000000000101>;
P_0x564a77fec120 .param/l "LED_WAIT_SPI_BUSY_SEND_RED" 1 3 39, +C4<00000000000000000000000000010001>;
v0x564a780070a0_0 .var "blue_buf", 7 0;
v0x564a780071a0_0 .net "blue_input", 7 0, v0x564a78008120_0;  1 drivers
v0x564a78007280_0 .var "doled_busy", 0 0;
v0x564a78007320_0 .net "doled_clk", 0 0, v0x564a78008b00_0;  1 drivers
v0x564a780073f0_0 .net "doled_start", 0 0, v0x564a78009360_0;  1 drivers
v0x564a78007490_0 .var "green_buf", 7 0;
v0x564a78007570_0 .net "green_input", 7 0, v0x564a78008ed0_0;  1 drivers
v0x564a78007650_0 .var "holding_buf", 7 0;
v0x564a78007710_0 .var "init_buf", 7 0;
v0x564a780077d0_0 .var "led_state", 4 0;
v0x564a780078b0_0 .net "mosi", 0 0, v0x564a78006d80_0;  alias, 1 drivers
v0x564a78007980_0 .var "red_buf", 7 0;
v0x564a78007a40_0 .net "red_input", 7 0, v0x564a7800a820_0;  1 drivers
v0x564a78007b20_0 .net "sck", 0 0, v0x564a78006cc0_0;  alias, 1 drivers
v0x564a78007bf0_0 .net "spi_busy", 0 0, v0x564a78006920_0;  1 drivers
v0x564a78007cc0_0 .var "spi_start", 0 0;
v0x564a78007d90_0 .net "type_input", 1 0, v0x564a78009050_0;  1 drivers
S_0x564a77fb73e0 .scope module, "spi1" "spi" 3 50, 4 3 0, S_0x564a77fbd4a0;
 .timescale -8 -11;
    .port_info 0 /INPUT 1 "spi_clk"
    .port_info 1 /OUTPUT 1 "spi_output_data"
    .port_info 2 /OUTPUT 1 "spi_output_clock"
    .port_info 3 /INPUT 1 "spi_start"
    .port_info 4 /INPUT 8 "spi_data_in"
    .port_info 5 /OUTPUT 1 "spi_busy"
P_0x564a77fec170 .param/l "CLOCK_DELAY_TIME" 1 4 23, +C4<00000000000000000000000000000101>;
P_0x564a77fec1b0 .param/l "STATE_ACCEPT" 1 4 14, +C4<00000000000000000000000000000001>;
P_0x564a77fec1f0 .param/l "STATE_CLEAR_CLOCK" 1 4 19, +C4<00000000000000000000000000000110>;
P_0x564a77fec230 .param/l "STATE_IDLE" 1 4 13, +C4<00000000000000000000000000000000>;
P_0x564a77fec270 .param/l "STATE_SET_BIT" 1 4 15, +C4<00000000000000000000000000000010>;
P_0x564a77fec2b0 .param/l "STATE_SET_CLOCK" 1 4 17, +C4<00000000000000000000000000000100>;
P_0x564a77fec2f0 .param/l "STATE_SHIFT_DATA_HOLDING" 1 4 20, +C4<00000000000000000000000000000111>;
P_0x564a77fec330 .param/l "STATE_WAIT_CLOCK_CLEAR" 1 4 18, +C4<00000000000000000000000000000101>;
P_0x564a77fec370 .param/l "STATE_WAIT_CLOCK_SET" 1 4 16, +C4<00000000000000000000000000000011>;
v0x564a77fea750_0 .var "bit_counter", 2 0;
v0x564a77fd24d0_0 .var "clock_delay", 3 0;
v0x564a78006920_0 .var "spi_busy", 0 0;
v0x564a780069f0_0 .net "spi_clk", 0 0, v0x564a78008b00_0;  alias, 1 drivers
v0x564a78006ab0_0 .var "spi_data_holding", 7 0;
v0x564a78006be0_0 .net "spi_data_in", 7 0, v0x564a78007650_0;  1 drivers
v0x564a78006cc0_0 .var "spi_output_clock", 0 0;
v0x564a78006d80_0 .var "spi_output_data", 0 0;
v0x564a78006e40_0 .net "spi_start", 0 0, v0x564a78007cc0_0;  1 drivers
v0x564a78006f00_0 .var "spi_state", 3 0;
E_0x564a77f84f20 .event posedge, v0x564a780069f0_0;
    .scope S_0x564a77fb73e0;
T_0 ;
    %pushi/vec4 0, 0, 1;
    %store/vec4 v0x564a78006d80_0, 0, 1;
    %end;
    .thread T_0;
    .scope S_0x564a77fb73e0;
T_1 ;
    %pushi/vec4 0, 0, 1;
    %store/vec4 v0x564a78006cc0_0, 0, 1;
    %end;
    .thread T_1;
    .scope S_0x564a77fb73e0;
T_2 ;
    %pushi/vec4 0, 0, 1;
    %store/vec4 v0x564a78006920_0, 0, 1;
    %end;
    .thread T_2;
    .scope S_0x564a77fb73e0;
T_3 ;
    %pushi/vec4 0, 0, 3;
    %store/vec4 v0x564a77fea750_0, 0, 3;
    %end;
    .thread T_3;
    .scope S_0x564a77fb73e0;
T_4 ;
    %pushi/vec4 0, 0, 4;
    %store/vec4 v0x564a78006f00_0, 0, 4;
    %end;
    .thread T_4;
    .scope S_0x564a77fb73e0;
T_5 ;
    %pushi/vec4 0, 0, 8;
    %store/vec4 v0x564a78006ab0_0, 0, 8;
    %end;
    .thread T_5;
    .scope S_0x564a77fb73e0;
T_6 ;
    %pushi/vec4 0, 0, 4;
    %store/vec4 v0x564a77fd24d0_0, 0, 4;
    %end;
    .thread T_6;
    .scope S_0x564a77fb73e0;
T_7 ;
    %wait E_0x564a77f84f20;
    %load/vec4 v0x564a78006f00_0;
    %dup/vec4;
    %pushi/vec4 0, 0, 4;
    %cmp/u;
    %jmp/1 T_7.0, 6;
    %dup/vec4;
    %pushi/vec4 1, 0, 4;
    %cmp/u;
    %jmp/1 T_7.1, 6;
    %dup/vec4;
    %pushi/vec4 2, 0, 4;
    %cmp/u;
    %jmp/1 T_7.2, 6;
    %dup/vec4;
    %pushi/vec4 3, 0, 4;
    %cmp/u;
    %jmp/1 T_7.3, 6;
    %dup/vec4;
    %pushi/vec4 4, 0, 4;
    %cmp/u;
    %jmp/1 T_7.4, 6;
    %dup/vec4;
    %pushi/vec4 5, 0, 4;
    %cmp/u;
    %jmp/1 T_7.5, 6;
    %dup/vec4;
    %pushi/vec4 6, 0, 4;
    %cmp/u;
    %jmp/1 T_7.6, 6;
    %dup/vec4;
    %pushi/vec4 7, 0, 4;
    %cmp/u;
    %jmp/1 T_7.7, 6;
    %pushi/vec4 0, 0, 1;
    %assign/vec4 v0x564a78006d80_0, 0;
    %pushi/vec4 0, 0, 1;
    %assign/vec4 v0x564a78006cc0_0, 0;
    %pushi/vec4 0, 0, 1;
    %assign/vec4 v0x564a78006920_0, 0;
    %pushi/vec4 0, 0, 3;
    %assign/vec4 v0x564a77fea750_0, 0;
    %pushi/vec4 0, 0, 4;
    %assign/vec4 v0x564a78006f00_0, 0;
    %pushi/vec4 0, 0, 8;
    %assign/vec4 v0x564a78006ab0_0, 0;
    %jmp T_7.9;
T_7.0 ;
    %load/vec4 v0x564a78006e40_0;
    %pad/u 32;
    %cmpi/e 1, 0, 32;
    %jmp/0xz  T_7.10, 4;
    %pushi/vec4 1, 0, 1;
    %assign/vec4 v0x564a78006920_0, 0;
    %pushi/vec4 1, 0, 4;
    %assign/vec4 v0x564a78006f00_0, 0;
    %jmp T_7.11;
T_7.10 ;
    %pushi/vec4 0, 0, 1;
    %assign/vec4 v0x564a78006920_0, 0;
    %pushi/vec4 0, 0, 4;
    %assign/vec4 v0x564a78006f00_0, 0;
T_7.11 ;
    %jmp T_7.9;
T_7.1 ;
    %load/vec4 v0x564a78006be0_0;
    %assign/vec4 v0x564a78006ab0_0, 0;
    %pushi/vec4 2, 0, 4;
    %assign/vec4 v0x564a78006f00_0, 0;
    %jmp T_7.9;
T_7.2 ;
    %load/vec4 v0x564a78006ab0_0;
    %parti/s 1, 7, 4;
    %assign/vec4 v0x564a78006d80_0, 0;
    %pushi/vec4 3, 0, 4;
    %assign/vec4 v0x564a78006f00_0, 0;
    %pushi/vec4 0, 0, 4;
    %assign/vec4 v0x564a77fd24d0_0, 0;
    %jmp T_7.9;
T_7.3 ;
    %load/vec4 v0x564a77fd24d0_0;
    %pad/u 32;
    %cmpi/u 5, 0, 32;
    %jmp/0xz  T_7.12, 5;
    %load/vec4 v0x564a77fd24d0_0;
    %addi 1, 0, 4;
    %assign/vec4 v0x564a77fd24d0_0, 0;
    %pushi/vec4 3, 0, 4;
    %assign/vec4 v0x564a78006f00_0, 0;
    %jmp T_7.13;
T_7.12 ;
    %pushi/vec4 0, 0, 4;
    %assign/vec4 v0x564a77fd24d0_0, 0;
    %pushi/vec4 4, 0, 4;
    %assign/vec4 v0x564a78006f00_0, 0;
T_7.13 ;
    %jmp T_7.9;
T_7.4 ;
    %pushi/vec4 1, 0, 1;
    %assign/vec4 v0x564a78006cc0_0, 0;
    %pushi/vec4 5, 0, 4;
    %assign/vec4 v0x564a78006f00_0, 0;
    %jmp T_7.9;
T_7.5 ;
    %load/vec4 v0x564a77fd24d0_0;
    %pad/u 32;
    %cmpi/u 5, 0, 32;
    %jmp/0xz  T_7.14, 5;
    %load/vec4 v0x564a77fd24d0_0;
    %addi 1, 0, 4;
    %assign/vec4 v0x564a77fd24d0_0, 0;
    %pushi/vec4 5, 0, 4;
    %assign/vec4 v0x564a78006f00_0, 0;
    %jmp T_7.15;
T_7.14 ;
    %pushi/vec4 0, 0, 4;
    %assign/vec4 v0x564a77fd24d0_0, 0;
    %pushi/vec4 6, 0, 4;
    %assign/vec4 v0x564a78006f00_0, 0;
T_7.15 ;
    %jmp T_7.9;
T_7.6 ;
    %pushi/vec4 0, 0, 1;
    %assign/vec4 v0x564a78006cc0_0, 0;
    %pushi/vec4 7, 0, 4;
    %assign/vec4 v0x564a78006f00_0, 0;
    %jmp T_7.9;
T_7.7 ;
    %load/vec4 v0x564a77fea750_0;
    %pad/u 32;
    %cmpi/e 7, 0, 32;
    %jmp/0xz  T_7.16, 4;
    %pushi/vec4 0, 0, 3;
    %assign/vec4 v0x564a77fea750_0, 0;
    %pushi/vec4 0, 0, 1;
    %assign/vec4 v0x564a78006d80_0, 0;
    %pushi/vec4 0, 0, 1;
    %assign/vec4 v0x564a78006920_0, 0;
    %pushi/vec4 0, 0, 4;
    %assign/vec4 v0x564a78006f00_0, 0;
    %jmp T_7.17;
T_7.16 ;
    %load/vec4 v0x564a77fea750_0;
    %addi 1, 0, 3;
    %assign/vec4 v0x564a77fea750_0, 0;
    %load/vec4 v0x564a78006ab0_0;
    %ix/load 4, 1, 0;
    %flag_set/imm 4, 0;
    %shiftl 4;
    %assign/vec4 v0x564a78006ab0_0, 0;
    %pushi/vec4 2, 0, 4;
    %assign/vec4 v0x564a78006f00_0, 0;
T_7.17 ;
    %jmp T_7.9;
T_7.9 ;
    %pop/vec4 1;
    %jmp T_7;
    .thread T_7;
    .scope S_0x564a77fbd4a0;
T_8 ;
    %pushi/vec4 0, 0, 1;
    %store/vec4 v0x564a78007280_0, 0, 1;
    %end;
    .thread T_8;
    .scope S_0x564a77fbd4a0;
T_9 ;
    %pushi/vec4 0, 0, 8;
    %store/vec4 v0x564a780070a0_0, 0, 8;
    %end;
    .thread T_9;
    .scope S_0x564a77fbd4a0;
T_10 ;
    %pushi/vec4 0, 0, 8;
    %store/vec4 v0x564a78007710_0, 0, 8;
    %end;
    .thread T_10;
    .scope S_0x564a77fbd4a0;
T_11 ;
    %pushi/vec4 0, 0, 8;
    %store/vec4 v0x564a78007490_0, 0, 8;
    %end;
    .thread T_11;
    .scope S_0x564a77fbd4a0;
T_12 ;
    %pushi/vec4 0, 0, 8;
    %store/vec4 v0x564a78007650_0, 0, 8;
    %end;
    .thread T_12;
    .scope S_0x564a77fbd4a0;
T_13 ;
    %pushi/vec4 0, 0, 8;
    %store/vec4 v0x564a78007980_0, 0, 8;
    %end;
    .thread T_13;
    .scope S_0x564a77fbd4a0;
T_14 ;
    %pushi/vec4 0, 0, 5;
    %store/vec4 v0x564a780077d0_0, 0, 5;
    %end;
    .thread T_14;
    .scope S_0x564a77fbd4a0;
T_15 ;
    %pushi/vec4 0, 0, 1;
    %store/vec4 v0x564a78007cc0_0, 0, 1;
    %end;
    .thread T_15;
    .scope S_0x564a77fbd4a0;
T_16 ;
    %wait E_0x564a77f84f20;
    %load/vec4 v0x564a780077d0_0;
    %dup/vec4;
    %pushi/vec4 0, 0, 5;
    %cmp/u;
    %jmp/1 T_16.0, 6;
    %dup/vec4;
    %pushi/vec4 1, 0, 5;
    %cmp/u;
    %jmp/1 T_16.1, 6;
    %dup/vec4;
    %pushi/vec4 2, 0, 5;
    %cmp/u;
    %jmp/1 T_16.2, 6;
    %dup/vec4;
    %pushi/vec4 3, 0, 5;
    %cmp/u;
    %jmp/1 T_16.3, 6;
    %dup/vec4;
    %pushi/vec4 4, 0, 5;
    %cmp/u;
    %jmp/1 T_16.4, 6;
    %dup/vec4;
    %pushi/vec4 5, 0, 5;
    %cmp/u;
    %jmp/1 T_16.5, 6;
    %dup/vec4;
    %pushi/vec4 6, 0, 5;
    %cmp/u;
    %jmp/1 T_16.6, 6;
    %dup/vec4;
    %pushi/vec4 7, 0, 5;
    %cmp/u;
    %jmp/1 T_16.7, 6;
    %dup/vec4;
    %pushi/vec4 8, 0, 5;
    %cmp/u;
    %jmp/1 T_16.8, 6;
    %dup/vec4;
    %pushi/vec4 9, 0, 5;
    %cmp/u;
    %jmp/1 T_16.9, 6;
    %dup/vec4;
    %pushi/vec4 10, 0, 5;
    %cmp/u;
    %jmp/1 T_16.10, 6;
    %dup/vec4;
    %pushi/vec4 11, 0, 5;
    %cmp/u;
    %jmp/1 T_16.11, 6;
    %dup/vec4;
    %pushi/vec4 12, 0, 5;
    %cmp/u;
    %jmp/1 T_16.12, 6;
    %dup/vec4;
    %pushi/vec4 13, 0, 5;
    %cmp/u;
    %jmp/1 T_16.13, 6;
    %dup/vec4;
    %pushi/vec4 14, 0, 5;
    %cmp/u;
    %jmp/1 T_16.14, 6;
    %dup/vec4;
    %pushi/vec4 15, 0, 5;
    %cmp/u;
    %jmp/1 T_16.15, 6;
    %dup/vec4;
    %pushi/vec4 16, 0, 5;
    %cmp/u;
    %jmp/1 T_16.16, 6;
    %dup/vec4;
    %pushi/vec4 17, 0, 5;
    %cmp/u;
    %jmp/1 T_16.17, 6;
    %dup/vec4;
    %pushi/vec4 18, 0, 5;
    %cmp/u;
    %jmp/1 T_16.18, 6;
    %pushi/vec4 0, 0, 5;
    %assign/vec4 v0x564a780077d0_0, 0;
    %pushi/vec4 0, 0, 1;
    %assign/vec4 v0x564a78007280_0, 0;
    %jmp T_16.20;
T_16.0 ;
    %load/vec4 v0x564a780073f0_0;
    %pad/u 32;
    %cmpi/e 1, 0, 32;
    %jmp/0xz  T_16.21, 4;
    %pushi/vec4 1, 0, 1;
    %assign/vec4 v0x564a78007280_0, 0;
    %pushi/vec4 1, 0, 5;
    %assign/vec4 v0x564a780077d0_0, 0;
    %jmp T_16.22;
T_16.21 ;
    %pushi/vec4 0, 0, 1;
    %assign/vec4 v0x564a78007280_0, 0;
    %pushi/vec4 0, 0, 5;
    %assign/vec4 v0x564a780077d0_0, 0;
T_16.22 ;
    %jmp T_16.20;
T_16.1 ;
    %load/vec4 v0x564a78007d90_0;
    %dup/vec4;
    %pushi/vec4 0, 0, 2;
    %cmp/u;
    %jmp/1 T_16.23, 6;
    %dup/vec4;
    %pushi/vec4 1, 0, 2;
    %cmp/u;
    %jmp/1 T_16.24, 6;
    %dup/vec4;
    %pushi/vec4 2, 0, 2;
    %cmp/u;
    %jmp/1 T_16.25, 6;
    %pushi/vec4 255, 0, 8;
    %assign/vec4 v0x564a78007710_0, 0;
    %pushi/vec4 255, 0, 8;
    %assign/vec4 v0x564a780070a0_0, 0;
    %pushi/vec4 255, 0, 8;
    %assign/vec4 v0x564a78007490_0, 0;
    %pushi/vec4 255, 0, 8;
    %assign/vec4 v0x564a78007980_0, 0;
    %jmp T_16.27;
T_16.23 ;
    %pushi/vec4 0, 0, 8;
    %assign/vec4 v0x564a78007710_0, 0;
    %pushi/vec4 0, 0, 8;
    %assign/vec4 v0x564a780070a0_0, 0;
    %pushi/vec4 0, 0, 8;
    %assign/vec4 v0x564a78007490_0, 0;
    %pushi/vec4 0, 0, 8;
    %assign/vec4 v0x564a78007980_0, 0;
    %jmp T_16.27;
T_16.24 ;
    %pushi/vec4 255, 0, 8;
    %assign/vec4 v0x564a78007710_0, 0;
    %load/vec4 v0x564a780071a0_0;
    %assign/vec4 v0x564a780070a0_0, 0;
    %load/vec4 v0x564a78007570_0;
    %assign/vec4 v0x564a78007490_0, 0;
    %load/vec4 v0x564a78007a40_0;
    %assign/vec4 v0x564a78007980_0, 0;
    %jmp T_16.27;
T_16.25 ;
    %pushi/vec4 255, 0, 8;
    %assign/vec4 v0x564a78007710_0, 0;
    %pushi/vec4 255, 0, 8;
    %assign/vec4 v0x564a780070a0_0, 0;
    %pushi/vec4 255, 0, 8;
    %assign/vec4 v0x564a78007490_0, 0;
    %pushi/vec4 255, 0, 8;
    %assign/vec4 v0x564a78007980_0, 0;
    %jmp T_16.27;
T_16.27 ;
    %pop/vec4 1;
    %pushi/vec4 2, 0, 5;
    %assign/vec4 v0x564a780077d0_0, 0;
    %jmp T_16.20;
T_16.2 ;
    %load/vec4 v0x564a78007bf0_0;
    %inv;
    %flag_set/vec4 8;
    %jmp/0xz  T_16.28, 8;
    %pushi/vec4 3, 0, 5;
    %assign/vec4 v0x564a780077d0_0, 0;
    %jmp T_16.29;
T_16.28 ;
    %pushi/vec4 2, 0, 5;
    %assign/vec4 v0x564a780077d0_0, 0;
T_16.29 ;
    %jmp T_16.20;
T_16.3 ;
    %load/vec4 v0x564a78007710_0;
    %assign/vec4 v0x564a78007650_0, 0;
    %pushi/vec4 4, 0, 5;
    %assign/vec4 v0x564a780077d0_0, 0;
    %jmp T_16.20;
T_16.4 ;
    %pushi/vec4 1, 0, 1;
    %assign/vec4 v0x564a78007cc0_0, 0;
    %pushi/vec4 5, 0, 5;
    %assign/vec4 v0x564a780077d0_0, 0;
    %jmp T_16.20;
T_16.5 ;
    %load/vec4 v0x564a78007bf0_0;
    %pad/u 32;
    %cmpi/e 1, 0, 32;
    %jmp/0xz  T_16.30, 4;
    %pushi/vec4 0, 0, 1;
    %assign/vec4 v0x564a78007cc0_0, 0;
    %pushi/vec4 6, 0, 5;
    %assign/vec4 v0x564a780077d0_0, 0;
    %jmp T_16.31;
T_16.30 ;
    %pushi/vec4 5, 0, 5;
    %assign/vec4 v0x564a780077d0_0, 0;
T_16.31 ;
    %jmp T_16.20;
T_16.6 ;
    %load/vec4 v0x564a78007bf0_0;
    %inv;
    %flag_set/vec4 8;
    %jmp/0xz  T_16.32, 8;
    %pushi/vec4 7, 0, 5;
    %assign/vec4 v0x564a780077d0_0, 0;
    %jmp T_16.33;
T_16.32 ;
    %pushi/vec4 6, 0, 5;
    %assign/vec4 v0x564a780077d0_0, 0;
T_16.33 ;
    %jmp T_16.20;
T_16.7 ;
    %load/vec4 v0x564a780070a0_0;
    %assign/vec4 v0x564a78007650_0, 0;
    %pushi/vec4 8, 0, 5;
    %assign/vec4 v0x564a780077d0_0, 0;
    %jmp T_16.20;
T_16.8 ;
    %pushi/vec4 1, 0, 1;
    %assign/vec4 v0x564a78007cc0_0, 0;
    %pushi/vec4 9, 0, 5;
    %assign/vec4 v0x564a780077d0_0, 0;
    %jmp T_16.20;
T_16.9 ;
    %load/vec4 v0x564a78007bf0_0;
    %pad/u 32;
    %cmpi/e 1, 0, 32;
    %jmp/0xz  T_16.34, 4;
    %pushi/vec4 0, 0, 1;
    %assign/vec4 v0x564a78007cc0_0, 0;
    %pushi/vec4 10, 0, 5;
    %assign/vec4 v0x564a780077d0_0, 0;
    %jmp T_16.35;
T_16.34 ;
    %pushi/vec4 9, 0, 5;
    %assign/vec4 v0x564a780077d0_0, 0;
T_16.35 ;
    %jmp T_16.20;
T_16.10 ;
    %load/vec4 v0x564a78007bf0_0;
    %inv;
    %flag_set/vec4 8;
    %jmp/0xz  T_16.36, 8;
    %pushi/vec4 11, 0, 5;
    %assign/vec4 v0x564a780077d0_0, 0;
    %jmp T_16.37;
T_16.36 ;
    %pushi/vec4 10, 0, 5;
    %assign/vec4 v0x564a780077d0_0, 0;
T_16.37 ;
    %jmp T_16.20;
T_16.11 ;
    %load/vec4 v0x564a78007490_0;
    %assign/vec4 v0x564a78007650_0, 0;
    %pushi/vec4 12, 0, 5;
    %assign/vec4 v0x564a780077d0_0, 0;
    %jmp T_16.20;
T_16.12 ;
    %pushi/vec4 1, 0, 1;
    %assign/vec4 v0x564a78007cc0_0, 0;
    %pushi/vec4 13, 0, 5;
    %assign/vec4 v0x564a780077d0_0, 0;
    %jmp T_16.20;
T_16.13 ;
    %load/vec4 v0x564a78007bf0_0;
    %pad/u 32;
    %cmpi/e 1, 0, 32;
    %jmp/0xz  T_16.38, 4;
    %pushi/vec4 0, 0, 1;
    %assign/vec4 v0x564a78007cc0_0, 0;
    %pushi/vec4 14, 0, 5;
    %assign/vec4 v0x564a780077d0_0, 0;
    %jmp T_16.39;
T_16.38 ;
    %pushi/vec4 13, 0, 5;
    %assign/vec4 v0x564a780077d0_0, 0;
T_16.39 ;
    %jmp T_16.20;
T_16.14 ;
    %load/vec4 v0x564a78007bf0_0;
    %inv;
    %flag_set/vec4 8;
    %jmp/0xz  T_16.40, 8;
    %pushi/vec4 15, 0, 5;
    %assign/vec4 v0x564a780077d0_0, 0;
    %jmp T_16.41;
T_16.40 ;
    %pushi/vec4 14, 0, 5;
    %assign/vec4 v0x564a780077d0_0, 0;
T_16.41 ;
    %jmp T_16.20;
T_16.15 ;
    %load/vec4 v0x564a78007980_0;
    %assign/vec4 v0x564a78007650_0, 0;
    %pushi/vec4 16, 0, 5;
    %assign/vec4 v0x564a780077d0_0, 0;
    %jmp T_16.20;
T_16.16 ;
    %pushi/vec4 1, 0, 1;
    %assign/vec4 v0x564a78007cc0_0, 0;
    %pushi/vec4 17, 0, 5;
    %assign/vec4 v0x564a780077d0_0, 0;
    %jmp T_16.20;
T_16.17 ;
    %load/vec4 v0x564a78007bf0_0;
    %pad/u 32;
    %cmpi/e 1, 0, 32;
    %jmp/0xz  T_16.42, 4;
    %pushi/vec4 0, 0, 1;
    %assign/vec4 v0x564a78007cc0_0, 0;
    %pushi/vec4 18, 0, 5;
    %assign/vec4 v0x564a780077d0_0, 0;
    %jmp T_16.43;
T_16.42 ;
    %pushi/vec4 17, 0, 5;
    %assign/vec4 v0x564a780077d0_0, 0;
T_16.43 ;
    %jmp T_16.20;
T_16.18 ;
    %load/vec4 v0x564a78007bf0_0;
    %inv;
    %flag_set/vec4 8;
    %jmp/0xz  T_16.44, 8;
    %pushi/vec4 0, 0, 1;
    %assign/vec4 v0x564a78007280_0, 0;
    %pushi/vec4 0, 0, 5;
    %assign/vec4 v0x564a780077d0_0, 0;
    %jmp T_16.45;
T_16.44 ;
    %pushi/vec4 18, 0, 5;
    %assign/vec4 v0x564a780077d0_0, 0;
T_16.45 ;
    %jmp T_16.20;
T_16.20 ;
    %pop/vec4 1;
    %jmp T_16;
    .thread T_16;
    .scope S_0x564a77fbf210;
T_17 ;
    %pushi/vec4 0, 0, 1;
    %store/vec4 v0x564a78008b00_0, 0, 1;
    %end;
    .thread T_17;
    .scope S_0x564a77fbf210;
T_18 ;
    %pushi/vec4 0, 0, 8;
    %store/vec4 v0x564a78008660_0, 0, 8;
    %end;
    .thread T_18;
    .scope S_0x564a77fbf210;
T_19 ;
    %pushi/vec4 0, 0, 8;
    %store/vec4 v0x564a7800ad30_0, 0, 8;
    %end;
    .thread T_19;
    .scope S_0x564a77fbf210;
T_20 ;
    %pushi/vec4 0, 0, 8;
    %store/vec4 v0x564a78008740_0, 0, 8;
    %end;
    .thread T_20;
    .scope S_0x564a77fbf210;
T_21 ;
    %pushi/vec4 0, 0, 8;
    %store/vec4 v0x564a78008120_0, 0, 8;
    %end;
    .thread T_21;
    .scope S_0x564a77fbf210;
T_22 ;
    %pushi/vec4 0, 0, 8;
    %store/vec4 v0x564a78008ed0_0, 0, 8;
    %end;
    .thread T_22;
    .scope S_0x564a77fbf210;
T_23 ;
    %pushi/vec4 0, 0, 8;
    %store/vec4 v0x564a7800a820_0, 0, 8;
    %end;
    .thread T_23;
    .scope S_0x564a77fbf210;
T_24 ;
    %pushi/vec4 0, 0, 8;
    %store/vec4 v0x564a78008210_0, 0, 8;
    %end;
    .thread T_24;
    .scope S_0x564a77fbf210;
T_25 ;
    %pushi/vec4 0, 0, 8;
    %store/vec4 v0x564a78008f90_0, 0, 8;
    %end;
    .thread T_25;
    .scope S_0x564a77fbf210;
T_26 ;
    %pushi/vec4 0, 0, 8;
    %store/vec4 v0x564a7800a8e0_0, 0, 8;
    %end;
    .thread T_26;
    .scope S_0x564a77fbf210;
T_27 ;
    %pushi/vec4 0, 0, 8;
    %store/vec4 v0x564a780095d0_0, 0, 8;
    %end;
    .thread T_27;
    .scope S_0x564a77fbf210;
T_28 ;
    %pushi/vec4 10, 0, 8;
    %store/vec4 v0x564a7800b270_0, 0, 8;
    %end;
    .thread T_28;
    .scope S_0x564a77fbf210;
T_29 ;
    %pushi/vec4 0, 0, 8;
    %store/vec4 v0x564a7800b350_0, 0, 8;
    %end;
    .thread T_29;
    .scope S_0x564a77fbf210;
T_30 ;
    %pushi/vec4 20, 0, 8;
    %store/vec4 v0x564a7800b430_0, 0, 8;
    %end;
    .thread T_30;
    .scope S_0x564a77fbf210;
T_31 ;
    %pushi/vec4 50, 0, 8;
    %store/vec4 v0x564a78009430_0, 0, 8;
    %end;
    .thread T_31;
    .scope S_0x564a77fbf210;
T_32 ;
    %pushi/vec4 30, 0, 8;
    %store/vec4 v0x564a780094f0_0, 0, 8;
    %end;
    .thread T_32;
    .scope S_0x564a77fbf210;
T_33 ;
    %pushi/vec4 70, 0, 8;
    %store/vec4 v0x564a780096b0_0, 0, 8;
    %end;
    .thread T_33;
    .scope S_0x564a77fbf210;
T_34 ;
    %pushi/vec4 30, 0, 8;
    %store/vec4 v0x564a780082e0_0, 0, 8;
    %end;
    .thread T_34;
    .scope S_0x564a77fbf210;
T_35 ;
    %pushi/vec4 40, 0, 8;
    %store/vec4 v0x564a780083c0_0, 0, 8;
    %end;
    .thread T_35;
    .scope S_0x564a77fbf210;
T_36 ;
    %pushi/vec4 0, 0, 8;
    %store/vec4 v0x564a780084a0_0, 0, 8;
    %end;
    .thread T_36;
    .scope S_0x564a77fbf210;
T_37 ;
    %pushi/vec4 0, 0, 1;
    %store/vec4 v0x564a780089a0_0, 0, 1;
    %end;
    .thread T_37;
    .scope S_0x564a77fbf210;
T_38 ;
    %pushi/vec4 1, 0, 1;
    %store/vec4 v0x564a780088e0_0, 0, 1;
    %end;
    .thread T_38;
    .scope S_0x564a77fbf210;
T_39 ;
    %pushi/vec4 0, 0, 1;
    %store/vec4 v0x564a7800b690_0, 0, 1;
    %end;
    .thread T_39;
    .scope S_0x564a77fbf210;
T_40 ;
    %pushi/vec4 1, 0, 1;
    %store/vec4 v0x564a7800b5d0_0, 0, 1;
    %end;
    .thread T_40;
    .scope S_0x564a77fbf210;
T_41 ;
    %pushi/vec4 0, 0, 1;
    %store/vec4 v0x564a78009360_0, 0, 1;
    %end;
    .thread T_41;
    .scope S_0x564a77fbf210;
T_42 ;
    %pushi/vec4 0, 0, 1;
    %store/vec4 v0x564a7800a760_0, 0, 1;
    %end;
    .thread T_42;
    .scope S_0x564a77fbf210;
T_43 ;
    %pushi/vec4 0, 0, 2;
    %store/vec4 v0x564a78009050_0, 0, 2;
    %end;
    .thread T_43;
    .scope S_0x564a77fbf210;
T_44 ;
    %pushi/vec4 0, 0, 4;
    %store/vec4 v0x564a7800b190_0, 0, 4;
    %end;
    .thread T_44;
    .scope S_0x564a77fbf210;
T_45 ;
    %pushi/vec4 0, 0, 4;
    %store/vec4 v0x564a7800ac50_0, 0, 4;
    %end;
    .thread T_45;
    .scope S_0x564a77fbf210;
T_46 ;
    %pushi/vec4 0, 0, 4;
    %store/vec4 v0x564a7800aef0_0, 0, 4;
    %end;
    .thread T_46;
    .scope S_0x564a77fbf210;
T_47 ;
    %pushi/vec4 0, 0, 8;
    %store/vec4 v0x564a7800afd0_0, 0, 8;
    %end;
    .thread T_47;
    .scope S_0x564a77fbf210;
T_48 ;
    %pushi/vec4 0, 0, 8;
    %store/vec4 v0x564a7800b0b0_0, 0, 8;
    %end;
    .thread T_48;
    .scope S_0x564a77fbf210;
T_49 ;
    %pushi/vec4 0, 0, 8;
    %store/vec4 v0x564a7800ae10_0, 0, 8;
    %end;
    .thread T_49;
    .scope S_0x564a77fbf210;
T_50 ;
    %pushi/vec4 0, 0, 17;
    %store/vec4 v0x564a78008580_0, 0, 17;
    %end;
    .thread T_50;
    .scope S_0x564a77fbf210;
T_51 ;
    %pushi/vec4 0, 0, 4;
    %store/vec4 v0x564a7800aa90_0, 0, 4;
    %end;
    .thread T_51;
    .scope S_0x564a77fbf210;
T_52 ;
    %pushi/vec4 0, 0, 32;
    %store/vec4 v0x564a7800ab70_0, 0, 32;
    %end;
    .thread T_52;
    .scope S_0x564a77fbf210;
T_53 ;
    %pushi/vec4 0, 0, 1;
    %store/vec4 v0x564a78008ba0_0, 0, 1;
    %end;
    .thread T_53;
    .scope S_0x564a77fbf210;
T_54 ;
    %pushi/vec4 0, 0, 1;
    %store/vec4 v0x564a78008c40_0, 0, 1;
    %end;
    .thread T_54;
    .scope S_0x564a77fbf210;
T_55 ;
    %wait E_0x564a77f892c0;
    %load/vec4 v0x564a78008580_0;
    %pad/u 32;
    %cmpi/e 1, 0, 32;
    %jmp/0xz  T_55.0, 4;
    %pushi/vec4 0, 0, 17;
    %assign/vec4 v0x564a78008580_0, 0;
    %load/vec4 v0x564a78008b00_0;
    %inv;
    %assign/vec4 v0x564a78008b00_0, 0;
    %jmp T_55.1;
T_55.0 ;
    %load/vec4 v0x564a78008580_0;
    %addi 1, 0, 17;
    %assign/vec4 v0x564a78008580_0, 0;
T_55.1 ;
    %jmp T_55;
    .thread T_55;
    .scope S_0x564a77fbf210;
T_56 ;
    %wait E_0x564a77f84f20;
    %load/vec4 v0x564a7800b190_0;
    %dup/vec4;
    %pushi/vec4 0, 0, 4;
    %cmp/u;
    %jmp/1 T_56.0, 6;
    %dup/vec4;
    %pushi/vec4 1, 0, 4;
    %cmp/u;
    %jmp/1 T_56.1, 6;
    %dup/vec4;
    %pushi/vec4 2, 0, 4;
    %cmp/u;
    %jmp/1 T_56.2, 6;
    %dup/vec4;
    %pushi/vec4 3, 0, 4;
    %cmp/u;
    %jmp/1 T_56.3, 6;
    %dup/vec4;
    %pushi/vec4 4, 0, 4;
    %cmp/u;
    %jmp/1 T_56.4, 6;
    %dup/vec4;
    %pushi/vec4 5, 0, 4;
    %cmp/u;
    %jmp/1 T_56.5, 6;
    %dup/vec4;
    %pushi/vec4 6, 0, 4;
    %cmp/u;
    %jmp/1 T_56.6, 6;
    %dup/vec4;
    %pushi/vec4 7, 0, 4;
    %cmp/u;
    %jmp/1 T_56.7, 6;
    %dup/vec4;
    %pushi/vec4 8, 0, 4;
    %cmp/u;
    %jmp/1 T_56.8, 6;
    %dup/vec4;
    %pushi/vec4 9, 0, 4;
    %cmp/u;
    %jmp/1 T_56.9, 6;
    %dup/vec4;
    %pushi/vec4 10, 0, 4;
    %cmp/u;
    %jmp/1 T_56.10, 6;
    %dup/vec4;
    %pushi/vec4 11, 0, 4;
    %cmp/u;
    %jmp/1 T_56.11, 6;
    %dup/vec4;
    %pushi/vec4 12, 0, 4;
    %cmp/u;
    %jmp/1 T_56.12, 6;
    %dup/vec4;
    %pushi/vec4 13, 0, 4;
    %cmp/u;
    %jmp/1 T_56.13, 6;
    %dup/vec4;
    %pushi/vec4 14, 0, 4;
    %cmp/u;
    %jmp/1 T_56.14, 6;
    %pushi/vec4 0, 0, 4;
    %assign/vec4 v0x564a7800b190_0, 0;
    %pushi/vec4 1, 0, 1;
    %assign/vec4 v0x564a780088e0_0, 0;
    %pushi/vec4 0, 0, 1;
    %assign/vec4 v0x564a78009360_0, 0;
    %jmp T_56.16;
T_56.0 ;
    %load/vec4 v0x564a780089a0_0;
    %pad/u 32;
    %cmpi/e 1, 0, 32;
    %jmp/0xz  T_56.17, 4;
    %pushi/vec4 0, 0, 1;
    %assign/vec4 v0x564a780088e0_0, 0;
    %pushi/vec4 1, 0, 4;
    %assign/vec4 v0x564a7800b190_0, 0;
    %pushi/vec4 0, 0, 8;
    %assign/vec4 v0x564a7800afd0_0, 0;
    %jmp T_56.18;
T_56.17 ;
    %pushi/vec4 1, 0, 1;
    %assign/vec4 v0x564a780088e0_0, 0;
    %pushi/vec4 0, 0, 4;
    %assign/vec4 v0x564a7800b190_0, 0;
T_56.18 ;
    %jmp T_56.16;
T_56.1 ;
    %load/vec4 v0x564a78008a60_0;
    %pad/u 32;
    %cmpi/e 0, 0, 32;
    %jmp/0xz  T_56.19, 4;
    %pushi/vec4 2, 0, 4;
    %assign/vec4 v0x564a7800b190_0, 0;
    %jmp T_56.20;
T_56.19 ;
    %pushi/vec4 1, 0, 4;
    %assign/vec4 v0x564a7800b190_0, 0;
T_56.20 ;
    %jmp T_56.16;
T_56.2 ;
    %pushi/vec4 0, 0, 2;
    %assign/vec4 v0x564a78009050_0, 0;
    %pushi/vec4 3, 0, 4;
    %assign/vec4 v0x564a7800b190_0, 0;
    %jmp T_56.16;
T_56.3 ;
    %pushi/vec4 1, 0, 1;
    %assign/vec4 v0x564a78009360_0, 0;
    %pushi/vec4 4, 0, 4;
    %assign/vec4 v0x564a7800b190_0, 0;
    %jmp T_56.16;
T_56.4 ;
    %load/vec4 v0x564a78008a60_0;
    %pad/u 32;
    %cmpi/e 1, 0, 32;
    %jmp/0xz  T_56.21, 4;
    %pushi/vec4 0, 0, 1;
    %assign/vec4 v0x564a78009360_0, 0;
    %pushi/vec4 5, 0, 4;
    %assign/vec4 v0x564a7800b190_0, 0;
    %jmp T_56.22;
T_56.21 ;
    %pushi/vec4 4, 0, 4;
    %assign/vec4 v0x564a7800b190_0, 0;
T_56.22 ;
    %jmp T_56.16;
T_56.5 ;
    %load/vec4 v0x564a78008a60_0;
    %pad/u 32;
    %cmpi/e 0, 0, 32;
    %jmp/0xz  T_56.23, 4;
    %pushi/vec4 6, 0, 4;
    %assign/vec4 v0x564a7800b190_0, 0;
    %jmp T_56.24;
T_56.23 ;
    %pushi/vec4 5, 0, 4;
    %assign/vec4 v0x564a7800b190_0, 0;
T_56.24 ;
    %jmp T_56.16;
T_56.6 ;
    %pushi/vec4 1, 0, 2;
    %assign/vec4 v0x564a78009050_0, 0;
    %load/vec4 v0x564a7800afd0_0;
    %pad/u 9;
    %ix/vec4 4;
    %load/vec4a v0x564a78008820, 4;
    %assign/vec4 v0x564a78008120_0, 0;
    %load/vec4 v0x564a7800afd0_0;
    %pad/u 33;
    %addi 1, 0, 33;
    %ix/vec4 4;
    %load/vec4a v0x564a78008820, 4;
    %assign/vec4 v0x564a78008ed0_0, 0;
    %load/vec4 v0x564a7800afd0_0;
    %pad/u 33;
    %addi 2, 0, 33;
    %ix/vec4 4;
    %load/vec4a v0x564a78008820, 4;
    %assign/vec4 v0x564a7800a820_0, 0;
    %pushi/vec4 7, 0, 4;
    %assign/vec4 v0x564a7800b190_0, 0;
    %jmp T_56.16;
T_56.7 ;
    %pushi/vec4 1, 0, 1;
    %assign/vec4 v0x564a78009360_0, 0;
    %pushi/vec4 8, 0, 4;
    %assign/vec4 v0x564a7800b190_0, 0;
    %jmp T_56.16;
T_56.8 ;
    %load/vec4 v0x564a78008a60_0;
    %pad/u 32;
    %cmpi/e 1, 0, 32;
    %jmp/0xz  T_56.25, 4;
    %pushi/vec4 0, 0, 1;
    %assign/vec4 v0x564a78009360_0, 0;
    %pushi/vec4 9, 0, 4;
    %assign/vec4 v0x564a7800b190_0, 0;
    %jmp T_56.26;
T_56.25 ;
    %pushi/vec4 8, 0, 4;
    %assign/vec4 v0x564a7800b190_0, 0;
T_56.26 ;
    %jmp T_56.16;
T_56.9 ;
    %load/vec4 v0x564a7800afd0_0;
    %pad/u 32;
    %cmpi/u 138, 0, 32;
    %jmp/0xz  T_56.27, 5;
    %load/vec4 v0x564a7800afd0_0;
    %addi 3, 0, 8;
    %assign/vec4 v0x564a7800afd0_0, 0;
    %pushi/vec4 5, 0, 4;
    %assign/vec4 v0x564a7800b190_0, 0;
    %jmp T_56.28;
T_56.27 ;
    %pushi/vec4 10, 0, 4;
    %assign/vec4 v0x564a7800b190_0, 0;
    %pushi/vec4 0, 0, 8;
    %assign/vec4 v0x564a7800afd0_0, 0;
T_56.28 ;
    %jmp T_56.16;
T_56.10 ;
    %load/vec4 v0x564a78008a60_0;
    %pad/u 32;
    %cmpi/e 0, 0, 32;
    %jmp/0xz  T_56.29, 4;
    %pushi/vec4 11, 0, 4;
    %assign/vec4 v0x564a7800b190_0, 0;
    %jmp T_56.30;
T_56.29 ;
    %pushi/vec4 10, 0, 4;
    %assign/vec4 v0x564a7800b190_0, 0;
T_56.30 ;
    %jmp T_56.16;
T_56.11 ;
    %pushi/vec4 2, 0, 2;
    %assign/vec4 v0x564a78009050_0, 0;
    %pushi/vec4 12, 0, 4;
    %assign/vec4 v0x564a7800b190_0, 0;
    %jmp T_56.16;
T_56.12 ;
    %pushi/vec4 1, 0, 1;
    %assign/vec4 v0x564a78009360_0, 0;
    %pushi/vec4 13, 0, 4;
    %assign/vec4 v0x564a7800b190_0, 0;
    %jmp T_56.16;
T_56.13 ;
    %load/vec4 v0x564a78008a60_0;
    %pad/u 32;
    %cmpi/e 1, 0, 32;
    %jmp/0xz  T_56.31, 4;
    %pushi/vec4 0, 0, 1;
    %assign/vec4 v0x564a78009360_0, 0;
    %pushi/vec4 14, 0, 4;
    %assign/vec4 v0x564a7800b190_0, 0;
    %jmp T_56.32;
T_56.31 ;
    %pushi/vec4 13, 0, 4;
    %assign/vec4 v0x564a7800b190_0, 0;
T_56.32 ;
    %jmp T_56.16;
T_56.14 ;
    %load/vec4 v0x564a78008a60_0;
    %pad/u 32;
    %cmpi/e 0, 0, 32;
    %jmp/0xz  T_56.33, 4;
    %pushi/vec4 1, 0, 1;
    %assign/vec4 v0x564a780088e0_0, 0;
    %pushi/vec4 0, 0, 4;
    %assign/vec4 v0x564a7800b190_0, 0;
    %jmp T_56.34;
T_56.33 ;
    %pushi/vec4 0, 0, 1;
    %assign/vec4 v0x564a780088e0_0, 0;
    %pushi/vec4 14, 0, 4;
    %assign/vec4 v0x564a7800b190_0, 0;
T_56.34 ;
    %jmp T_56.16;
T_56.16 ;
    %pop/vec4 1;
    %jmp T_56;
    .thread T_56;
    .scope S_0x564a77fbf210;
T_57 ;
    %wait E_0x564a77f84f20;
    %load/vec4 v0x564a7800aef0_0;
    %dup/vec4;
    %pushi/vec4 0, 0, 4;
    %cmp/u;
    %jmp/1 T_57.0, 6;
    %dup/vec4;
    %pushi/vec4 1, 0, 4;
    %cmp/u;
    %jmp/1 T_57.1, 6;
    %dup/vec4;
    %pushi/vec4 2, 0, 4;
    %cmp/u;
    %jmp/1 T_57.2, 6;
    %dup/vec4;
    %pushi/vec4 3, 0, 4;
    %cmp/u;
    %jmp/1 T_57.3, 6;
    %dup/vec4;
    %pushi/vec4 4, 0, 4;
    %cmp/u;
    %jmp/1 T_57.4, 6;
    %dup/vec4;
    %pushi/vec4 5, 0, 4;
    %cmp/u;
    %jmp/1 T_57.5, 6;
    %dup/vec4;
    %pushi/vec4 6, 0, 4;
    %cmp/u;
    %jmp/1 T_57.6, 6;
    %pushi/vec4 0, 0, 4;
    %assign/vec4 v0x564a7800aef0_0, 0;
    %pushi/vec4 0, 0, 1;
    %assign/vec4 v0x564a780089a0_0, 0;
    %pushi/vec4 1, 0, 1;
    %assign/vec4 v0x564a7800b5d0_0, 0;
    %jmp T_57.8;
T_57.0 ;
    %pushi/vec4 0, 0, 1;
    %assign/vec4 v0x564a78008ba0_0, 0;
    %pushi/vec4 0, 0, 1;
    %assign/vec4 v0x564a78008c40_0, 0;
    %pushi/vec4 1, 0, 4;
    %assign/vec4 v0x564a7800aef0_0, 0;
    %jmp T_57.8;
T_57.1 ;
    %load/vec4 v0x564a7800b690_0;
    %pad/u 32;
    %pushi/vec4 1, 0, 32;
    %cmp/e;
    %flag_get/vec4 4;
    %load/vec4 v0x564a78008ba0_0;
    %pad/u 32;
    %pushi/vec4 0, 0, 32;
    %cmp/e;
    %flag_get/vec4 4;
    %and;
    %flag_set/vec4 8;
    %jmp/0xz  T_57.9, 8;
    %pushi/vec4 0, 0, 1;
    %assign/vec4 v0x564a7800b5d0_0, 0;
    %pushi/vec4 1, 0, 1;
    %assign/vec4 v0x564a78008ba0_0, 0;
    %pushi/vec4 0, 0, 8;
    %assign/vec4 v0x564a7800ae10_0, 0;
T_57.9 ;
    %load/vec4 v0x564a780088e0_0;
    %pad/u 32;
    %pushi/vec4 1, 0, 32;
    %cmp/e;
    %flag_get/vec4 4;
    %load/vec4 v0x564a78008c40_0;
    %pad/u 32;
    %pushi/vec4 0, 0, 32;
    %cmp/e;
    %flag_get/vec4 4;
    %and;
    %flag_set/vec4 8;
    %jmp/0xz  T_57.11, 8;
    %pushi/vec4 1, 0, 1;
    %assign/vec4 v0x564a78008c40_0, 0;
    %pushi/vec4 0, 0, 1;
    %assign/vec4 v0x564a780089a0_0, 0;
T_57.11 ;
    %load/vec4 v0x564a78008d00_0;
    %pad/u 32;
    %cmpi/e 1, 0, 32;
    %jmp/0xz  T_57.13, 4;
    %pushi/vec4 2, 0, 4;
    %assign/vec4 v0x564a7800aef0_0, 0;
    %jmp T_57.14;
T_57.13 ;
    %pushi/vec4 1, 0, 4;
    %assign/vec4 v0x564a7800aef0_0, 0;
T_57.14 ;
    %jmp T_57.8;
T_57.2 ;
    %load/vec4 v0x564a7800ae10_0;
    %pad/u 9;
    %ix/vec4 4;
    %load/vec4a v0x564a7800b510, 4;
    %load/vec4 v0x564a7800ae10_0;
    %pad/u 9;
    %ix/vec4 3;
    %ix/load 4, 0, 0; Constant delay
    %assign/vec4/a/d v0x564a78008820, 0, 4;
    %pushi/vec4 3, 0, 4;
    %assign/vec4 v0x564a7800aef0_0, 0;
    %jmp T_57.8;
T_57.3 ;
    %load/vec4 v0x564a7800ae10_0;
    %pad/u 32;
    %cmpi/u 141, 0, 32;
    %jmp/0xz  T_57.15, 5;
    %load/vec4 v0x564a7800ae10_0;
    %addi 1, 0, 8;
    %assign/vec4 v0x564a7800ae10_0, 0;
    %pushi/vec4 2, 0, 4;
    %assign/vec4 v0x564a7800aef0_0, 0;
    %jmp T_57.16;
T_57.15 ;
    %pushi/vec4 4, 0, 4;
    %assign/vec4 v0x564a7800aef0_0, 0;
T_57.16 ;
    %jmp T_57.8;
T_57.4 ;
    %pushi/vec4 1, 0, 1;
    %assign/vec4 v0x564a780089a0_0, 0;
    %pushi/vec4 1, 0, 1;
    %assign/vec4 v0x564a7800b5d0_0, 0;
    %pushi/vec4 5, 0, 4;
    %assign/vec4 v0x564a7800aef0_0, 0;
    %jmp T_57.8;
T_57.5 ;
    %load/vec4 v0x564a780088e0_0;
    %pad/u 32;
    %cmpi/e 0, 0, 32;
    %jmp/0xz  T_57.17, 4;
    %pushi/vec4 6, 0, 4;
    %assign/vec4 v0x564a7800aef0_0, 0;
    %jmp T_57.18;
T_57.17 ;
    %pushi/vec4 5, 0, 4;
    %assign/vec4 v0x564a7800aef0_0, 0;
T_57.18 ;
    %jmp T_57.8;
T_57.6 ;
    %load/vec4 v0x564a7800b690_0;
    %pad/u 32;
    %cmpi/e 0, 0, 32;
    %jmp/0xz  T_57.19, 4;
    %pushi/vec4 0, 0, 4;
    %assign/vec4 v0x564a7800aef0_0, 0;
    %jmp T_57.20;
T_57.19 ;
    %pushi/vec4 6, 0, 4;
    %assign/vec4 v0x564a7800aef0_0, 0;
T_57.20 ;
    %jmp T_57.8;
T_57.8 ;
    %pop/vec4 1;
    %jmp T_57;
    .thread T_57;
    .scope S_0x564a77fbf210;
T_58 ;
    %wait E_0x564a77f84f20;
    %load/vec4 v0x564a7800ac50_0;
    %dup/vec4;
    %pushi/vec4 0, 0, 4;
    %cmp/u;
    %jmp/1 T_58.0, 6;
    %dup/vec4;
    %pushi/vec4 1, 0, 4;
    %cmp/u;
    %jmp/1 T_58.1, 6;
    %dup/vec4;
    %pushi/vec4 2, 0, 4;
    %cmp/u;
    %jmp/1 T_58.2, 6;
    %dup/vec4;
    %pushi/vec4 3, 0, 4;
    %cmp/u;
    %jmp/1 T_58.3, 6;
    %dup/vec4;
    %pushi/vec4 4, 0, 4;
    %cmp/u;
    %jmp/1 T_58.4, 6;
    %dup/vec4;
    %pushi/vec4 5, 0, 4;
    %cmp/u;
    %jmp/1 T_58.5, 6;
    %dup/vec4;
    %pushi/vec4 6, 0, 4;
    %cmp/u;
    %jmp/1 T_58.6, 6;
    %dup/vec4;
    %pushi/vec4 7, 0, 4;
    %cmp/u;
    %jmp/1 T_58.7, 6;
    %dup/vec4;
    %pushi/vec4 8, 0, 4;
    %cmp/u;
    %jmp/1 T_58.8, 6;
    %jmp T_58.9;
T_58.0 ;
    %pushi/vec4 1, 0, 4;
    %assign/vec4 v0x564a7800ac50_0, 0;
    %jmp T_58.9;
T_58.1 ;
    %pushi/vec4 0, 0, 32;
    %assign/vec4 v0x564a7800ab70_0, 0;
    %load/vec4 v0x564a7800b5d0_0;
    %pad/u 32;
    %cmpi/e 1, 0, 32;
    %jmp/0xz  T_58.10, 4;
    %load/vec4 v0x564a7800a760_0;
    %inv;
    %assign/vec4 v0x564a7800a760_0, 0;
    %ix/getv 4, v0x564a7800ad30_0;
    %load/vec4a v0x564a78009880, 4;
    %pad/u 32;
    %pushi/vec4 3, 0, 32;
    %div;
    %pad/u 8;
    %store/vec4 v0x564a78008660_0, 0, 8;
    %ix/getv 4, v0x564a7800ad30_0;
    %load/vec4a v0x564a78009880, 4;
    %pad/u 32;
    %pushi/vec4 3, 0, 32;
    %div;
    %addi 5, 0, 32;
    %pad/u 8;
    %store/vec4 v0x564a780095d0_0, 0, 8;
    %pushi/vec4 0, 0, 8;
    %assign/vec4 v0x564a78008740_0, 0;
    %pushi/vec4 0, 0, 1;
    %assign/vec4 v0x564a7800b690_0, 0;
    %pushi/vec4 2, 0, 4;
    %assign/vec4 v0x564a7800ac50_0, 0;
    %load/vec4 v0x564a7800ad30_0;
    %pad/u 32;
    %cmpi/u 47, 0, 32;
    %jmp/0xz  T_58.12, 5;
    %load/vec4 v0x564a7800ad30_0;
    %addi 1, 0, 8;
    %assign/vec4 v0x564a7800ad30_0, 0;
    %jmp T_58.13;
T_58.12 ;
    %pushi/vec4 0, 0, 8;
    %assign/vec4 v0x564a7800ad30_0, 0;
T_58.13 ;
    %jmp T_58.11;
T_58.10 ;
    %pushi/vec4 1, 0, 4;
    %assign/vec4 v0x564a7800ac50_0, 0;
T_58.11 ;
    %jmp T_58.9;
T_58.2 ;
    %load/vec4 v0x564a7800ab70_0;
    %cmpi/u 100, 0, 32;
    %jmp/0xz  T_58.14, 5;
    %load/vec4 v0x564a7800ab70_0;
    %addi 1, 0, 32;
    %assign/vec4 v0x564a7800ab70_0, 0;
    %pushi/vec4 2, 0, 4;
    %assign/vec4 v0x564a7800ac50_0, 0;
    %jmp T_58.15;
T_58.14 ;
    %pushi/vec4 0, 0, 32;
    %assign/vec4 v0x564a7800ab70_0, 0;
    %pushi/vec4 3, 0, 4;
    %assign/vec4 v0x564a7800ac50_0, 0;
T_58.15 ;
    %jmp T_58.9;
T_58.3 ;
    %load/vec4 v0x564a78008740_0;
    %pad/u 32;
    %pushi/vec4 3, 0, 32;
    %div;
    %load/vec4 v0x564a780095d0_0;
    %pad/u 32;
    %cmp/u;
    %jmp/0xz  T_58.16, 5;
    %pushi/vec4 0, 0, 4;
    %assign/vec4 v0x564a7800aa90_0, 0;
    %jmp T_58.17;
T_58.16 ;
    %load/vec4 v0x564a78008740_0;
    %pad/u 32;
    %pushi/vec4 3, 0, 32;
    %div;
    %load/vec4 v0x564a780095d0_0;
    %pad/u 32;
    %cmp/e;
    %jmp/0xz  T_58.18, 4;
    %pushi/vec4 1, 0, 4;
    %assign/vec4 v0x564a7800aa90_0, 0;
    %jmp T_58.19;
T_58.18 ;
    %pushi/vec4 2, 0, 4;
    %assign/vec4 v0x564a7800aa90_0, 0;
T_58.19 ;
T_58.17 ;
    %pushi/vec4 4, 0, 4;
    %assign/vec4 v0x564a7800ac50_0, 0;
    %jmp T_58.9;
T_58.4 ;
    %pushi/vec4 5, 0, 4;
    %assign/vec4 v0x564a7800ac50_0, 0;
    %load/vec4 v0x564a7800aa90_0;
    %pad/u 32;
    %cmpi/e 0, 0, 32;
    %jmp/0xz  T_58.20, 4;
    %ix/getv 4, v0x564a7800b270_0;
    %load/vec4a v0x564a78009880, 4;
    %load/vec4 v0x564a78008740_0;
    %pad/u 9;
    %ix/vec4 3;
    %ix/load 4, 0, 0; Constant delay
    %assign/vec4/a/d v0x564a7800b510, 0, 4;
    %ix/getv 4, v0x564a7800b350_0;
    %load/vec4a v0x564a78009880, 4;
    %load/vec4 v0x564a78008740_0;
    %pad/u 33;
    %addi 1, 0, 33;
    %ix/vec4 3;
    %ix/load 4, 0, 0; Constant delay
    %assign/vec4/a/d v0x564a7800b510, 0, 4;
    %ix/getv 4, v0x564a7800b430_0;
    %load/vec4a v0x564a78009880, 4;
    %load/vec4 v0x564a78008740_0;
    %pad/u 33;
    %addi 2, 0, 33;
    %ix/vec4 3;
    %ix/load 4, 0, 0; Constant delay
    %assign/vec4/a/d v0x564a7800b510, 0, 4;
    %jmp T_58.21;
T_58.20 ;
    %load/vec4 v0x564a7800aa90_0;
    %pad/u 32;
    %cmpi/e 1, 0, 32;
    %jmp/0xz  T_58.22, 4;
    %ix/getv 4, v0x564a78009430_0;
    %load/vec4a v0x564a78009880, 4;
    %load/vec4 v0x564a78008740_0;
    %pad/u 9;
    %ix/vec4 3;
    %ix/load 4, 0, 0; Constant delay
    %assign/vec4/a/d v0x564a7800b510, 0, 4;
    %ix/getv 4, v0x564a780094f0_0;
    %load/vec4a v0x564a78009880, 4;
    %load/vec4 v0x564a78008740_0;
    %pad/u 33;
    %addi 1, 0, 33;
    %ix/vec4 3;
    %ix/load 4, 0, 0; Constant delay
    %assign/vec4/a/d v0x564a7800b510, 0, 4;
    %ix/getv 4, v0x564a780096b0_0;
    %load/vec4a v0x564a78009880, 4;
    %load/vec4 v0x564a78008740_0;
    %pad/u 33;
    %addi 2, 0, 33;
    %ix/vec4 3;
    %ix/load 4, 0, 0; Constant delay
    %assign/vec4/a/d v0x564a7800b510, 0, 4;
    %jmp T_58.23;
T_58.22 ;
    %ix/getv 4, v0x564a780082e0_0;
    %load/vec4a v0x564a78009880, 4;
    %load/vec4 v0x564a78008740_0;
    %pad/u 9;
    %ix/vec4 3;
    %ix/load 4, 0, 0; Constant delay
    %assign/vec4/a/d v0x564a7800b510, 0, 4;
    %ix/getv 4, v0x564a780083c0_0;
    %load/vec4a v0x564a78009880, 4;
    %load/vec4 v0x564a78008740_0;
    %pad/u 33;
    %addi 1, 0, 33;
    %ix/vec4 3;
    %ix/load 4, 0, 0; Constant delay
    %assign/vec4/a/d v0x564a7800b510, 0, 4;
    %ix/getv 4, v0x564a780084a0_0;
    %load/vec4a v0x564a78009880, 4;
    %load/vec4 v0x564a78008740_0;
    %pad/u 33;
    %addi 2, 0, 33;
    %ix/vec4 3;
    %ix/load 4, 0, 0; Constant delay
    %assign/vec4/a/d v0x564a7800b510, 0, 4;
T_58.23 ;
T_58.21 ;
    %jmp T_58.9;
T_58.5 ;
    %load/vec4 v0x564a78008740_0;
    %pad/u 32;
    %cmpi/u 141, 0, 32;
    %jmp/0xz  T_58.24, 5;
    %load/vec4 v0x564a78008740_0;
    %addi 3, 0, 8;
    %assign/vec4 v0x564a78008740_0, 0;
    %pushi/vec4 3, 0, 4;
    %assign/vec4 v0x564a7800ac50_0, 0;
    %jmp T_58.25;
T_58.24 ;
    %pushi/vec4 6, 0, 4;
    %assign/vec4 v0x564a7800ac50_0, 0;
T_58.25 ;
    %jmp T_58.9;
T_58.6 ;
    %pushi/vec4 1, 0, 1;
    %assign/vec4 v0x564a7800b690_0, 0;
    %pushi/vec4 7, 0, 4;
    %assign/vec4 v0x564a7800ac50_0, 0;
    %pushi/vec4 7, 0, 4;
    %assign/vec4 v0x564a7800ac50_0, 0;
    %jmp T_58.9;
T_58.7 ;
    %load/vec4 v0x564a7800b5d0_0;
    %pad/u 32;
    %cmpi/e 0, 0, 32;
    %jmp/0xz  T_58.26, 4;
    %pushi/vec4 0, 0, 1;
    %assign/vec4 v0x564a7800b690_0, 0;
    %pushi/vec4 8, 0, 4;
    %assign/vec4 v0x564a7800ac50_0, 0;
    %jmp T_58.27;
T_58.26 ;
    %pushi/vec4 7, 0, 4;
    %assign/vec4 v0x564a7800ac50_0, 0;
T_58.27 ;
    %jmp T_58.9;
T_58.8 ;
    %pushi/vec4 47, 0, 32;
    %load/vec4 v0x564a7800b350_0;
    %pad/u 32;
    %addi 2, 0, 32;
    %cmp/u;
    %jmp/0xz  T_58.28, 5;
    %load/vec4 v0x564a7800b350_0;
    %pad/u 32;
    %subi 45, 0, 32;
    %pad/u 8;
    %assign/vec4 v0x564a7800b350_0, 0;
    %jmp T_58.29;
T_58.28 ;
    %load/vec4 v0x564a7800b350_0;
    %pad/u 32;
    %addi 2, 0, 32;
    %pad/u 8;
    %assign/vec4 v0x564a7800b350_0, 0;
T_58.29 ;
    %pushi/vec4 47, 0, 32;
    %load/vec4 v0x564a7800b270_0;
    %pad/u 32;
    %addi 3, 0, 32;
    %cmp/u;
    %jmp/0xz  T_58.30, 5;
    %load/vec4 v0x564a7800b270_0;
    %pad/u 32;
    %subi 44, 0, 32;
    %pad/u 8;
    %assign/vec4 v0x564a7800b270_0, 0;
    %jmp T_58.31;
T_58.30 ;
    %load/vec4 v0x564a7800b270_0;
    %pad/u 32;
    %addi 3, 0, 32;
    %pad/u 8;
    %assign/vec4 v0x564a7800b270_0, 0;
T_58.31 ;
    %pushi/vec4 47, 0, 32;
    %load/vec4 v0x564a7800b430_0;
    %pad/u 32;
    %addi 1, 0, 32;
    %cmp/u;
    %jmp/0xz  T_58.32, 5;
    %load/vec4 v0x564a7800b430_0;
    %pad/u 32;
    %subi 46, 0, 32;
    %pad/u 8;
    %assign/vec4 v0x564a7800b430_0, 0;
    %jmp T_58.33;
T_58.32 ;
    %load/vec4 v0x564a7800b430_0;
    %pad/u 32;
    %addi 1, 0, 32;
    %pad/u 8;
    %assign/vec4 v0x564a7800b430_0, 0;
T_58.33 ;
    %pushi/vec4 47, 0, 32;
    %load/vec4 v0x564a780094f0_0;
    %pad/u 32;
    %addi 1, 0, 32;
    %cmp/u;
    %jmp/0xz  T_58.34, 5;
    %load/vec4 v0x564a780094f0_0;
    %pad/u 32;
    %subi 46, 0, 32;
    %pad/u 8;
    %assign/vec4 v0x564a780094f0_0, 0;
    %jmp T_58.35;
T_58.34 ;
    %load/vec4 v0x564a780094f0_0;
    %pad/u 32;
    %addi 1, 0, 32;
    %pad/u 8;
    %assign/vec4 v0x564a780094f0_0, 0;
T_58.35 ;
    %pushi/vec4 47, 0, 32;
    %load/vec4 v0x564a78009430_0;
    %pad/u 32;
    %addi 2, 0, 32;
    %cmp/u;
    %jmp/0xz  T_58.36, 5;
    %load/vec4 v0x564a78009430_0;
    %pad/u 32;
    %subi 45, 0, 32;
    %pad/u 8;
    %assign/vec4 v0x564a78009430_0, 0;
    %jmp T_58.37;
T_58.36 ;
    %load/vec4 v0x564a78009430_0;
    %pad/u 32;
    %addi 2, 0, 32;
    %pad/u 8;
    %assign/vec4 v0x564a78009430_0, 0;
T_58.37 ;
    %pushi/vec4 47, 0, 32;
    %load/vec4 v0x564a780096b0_0;
    %pad/u 32;
    %addi 3, 0, 32;
    %cmp/u;
    %jmp/0xz  T_58.38, 5;
    %load/vec4 v0x564a780096b0_0;
    %pad/u 32;
    %subi 44, 0, 32;
    %pad/u 8;
    %assign/vec4 v0x564a780096b0_0, 0;
    %jmp T_58.39;
T_58.38 ;
    %load/vec4 v0x564a780096b0_0;
    %pad/u 32;
    %addi 3, 0, 32;
    %pad/u 8;
    %assign/vec4 v0x564a780096b0_0, 0;
T_58.39 ;
    %pushi/vec4 47, 0, 32;
    %load/vec4 v0x564a780083c0_0;
    %pad/u 32;
    %addi 2, 0, 32;
    %cmp/u;
    %jmp/0xz  T_58.40, 5;
    %load/vec4 v0x564a780083c0_0;
    %pad/u 32;
    %subi 45, 0, 32;
    %pad/u 8;
    %assign/vec4 v0x564a780083c0_0, 0;
    %jmp T_58.41;
T_58.40 ;
    %load/vec4 v0x564a780083c0_0;
    %pad/u 32;
    %addi 2, 0, 32;
    %pad/u 8;
    %assign/vec4 v0x564a780083c0_0, 0;
T_58.41 ;
    %pushi/vec4 47, 0, 32;
    %load/vec4 v0x564a780082e0_0;
    %pad/u 32;
    %addi 1, 0, 32;
    %cmp/u;
    %jmp/0xz  T_58.42, 5;
    %load/vec4 v0x564a780082e0_0;
    %pad/u 32;
    %subi 46, 0, 32;
    %pad/u 8;
    %assign/vec4 v0x564a780082e0_0, 0;
    %jmp T_58.43;
T_58.42 ;
    %load/vec4 v0x564a780082e0_0;
    %pad/u 32;
    %addi 1, 0, 32;
    %pad/u 8;
    %assign/vec4 v0x564a780082e0_0, 0;
T_58.43 ;
    %pushi/vec4 47, 0, 32;
    %load/vec4 v0x564a780084a0_0;
    %pad/u 32;
    %addi 2, 0, 32;
    %cmp/u;
    %jmp/0xz  T_58.44, 5;
    %load/vec4 v0x564a780084a0_0;
    %pad/u 32;
    %subi 45, 0, 32;
    %pad/u 8;
    %assign/vec4 v0x564a780084a0_0, 0;
    %jmp T_58.45;
T_58.44 ;
    %load/vec4 v0x564a780084a0_0;
    %pad/u 32;
    %addi 2, 0, 32;
    %pad/u 8;
    %assign/vec4 v0x564a780084a0_0, 0;
T_58.45 ;
    %pushi/vec4 0, 0, 4;
    %assign/vec4 v0x564a7800ac50_0, 0;
    %jmp T_58.9;
T_58.9 ;
    %pop/vec4 1;
    %jmp T_58;
    .thread T_58;
# The file index is used to find the file name in the following table.
:file_names 5;
    "N/A";
    "<interactive>";
    "dostring_wave.v";
    "docolor1.v";
    "spi.v";
